<?xml version="1.0" encoding="UTF-8"?><testrun duration="49322" footerText="Generated by IntelliJ IDEA on 05/07/23, 10:52" name="JUnit.Dolibarr Tests">
    <count name="total" value="15"/>
    <count name="error" value="6"/>
    <count name="failed" value="1"/>
    <count name="passed" value="8"/>
    <config configId="JUnit" name="JUnit.Dolibarr Tests">
        <module name="FragilitySentry"/>
        <option name="MAIN_CLASS_NAME" value=""/>
        <option name="METHOD_NAME" value=""/>
        <option name="TEST_OBJECT" value="pattern"/>
        <patterns>
            <pattern testClass="JUnit.Dolibarr.CreateCompany1Test"/>
            <pattern testClass="JUnit.Dolibarr.CreateProject1Test"/>
            <pattern testClass="JUnit.Dolibarr.CreateReport1Test"/>
            <pattern testClass="JUnit.Dolibarr.CreateTicket1Test"/>
            <pattern testClass="JUnit.Dolibarr.DeleteBackup1Test"/>
            <pattern testClass="JUnit.Dolibarr.DeleteHoliday1Test"/>
            <pattern testClass="JUnit.Dolibarr.DeleteProductLot1Test"/>
            <pattern testClass="JUnit.Dolibarr.ReadAgenda1Test"/>
            <pattern testClass="JUnit.Dolibarr.ReadBAccounts1Test"/>
            <pattern testClass="JUnit.Dolibarr.ReadContribution1Test"/>
            <pattern testClass="JUnit.Dolibarr.ReadSubscription1Test"/>
            <pattern testClass="JUnit.Dolibarr.UpdateStyle1Test"/>
            <pattern testClass="JUnit.Dolibarr.UpdateTax1Test"/>
            <pattern testClass="JUnit.Dolibarr.UpdateUser1Test"/>
            <pattern testClass="JUnit.Dolibarr.UpdateValidityFile1Test"/>
        </patterns>
        <method v="2">
            <option name="Make" enabled="true"/>
        </method>
    </config>
    <root name="&lt;default package&gt;" location="java:suite://&lt;default package&gt;">
        <output type="stdout">&amp;quot;C:\Program Files\Java\jdk-11.0.12\bin\java.exe&amp;quot; -ea -Didea.test.cyclic.buffer.size=1048576 &amp;quot;-javaagent:C:\Program Files\JetBrains\IntelliJ IDEA 2021.1.2\lib\idea_rt.jar=6328:C:\Program Files\JetBrains\IntelliJ IDEA 2021.1.2\bin&amp;quot; -Dfile.encoding=UTF-8 -classpath &amp;quot;C:\Program Files\JetBrains\IntelliJ IDEA 2021.1.2\lib\idea_rt.jar;C:\Users\ivan_\.m2\repository\org\junit\platform\junit-platform-launcher\1.7.0\junit-platform-launcher-1.7.0.jar;C:\Users\ivan_\.m2\repository\org\junit\platform\junit-platform-engine\1.7.0\junit-platform-engine-1.7.0.jar;C:\Users\ivan_\.m2\repository\org\junit\jupiter\junit-jupiter-engine\5.7.0\junit-jupiter-engine-5.7.0.jar;C:\Users\ivan_\.m2\repository\org\junit\vintage\junit-vintage-engine\5.7.0\junit-vintage-engine-5.7.0.jar;C:\Program Files\JetBrains\IntelliJ IDEA 2021.1.2\plugins\junit\lib\junit5-rt.jar;C:\Program Files\JetBrains\IntelliJ IDEA 2021.1.2\plugins\junit\lib\junit-rt.jar;C:\Users\ivan_\Documents\FragilitySentry\target\test-classes;C:\Users\ivan_\Documents\FragilitySentry\target\classes;C:\Users\ivan_\.m2\repository\org\seleniumhq\selenium\selenium-api\3.141.59\selenium-api-3.141.59.jar;C:\Users\ivan_\.m2\repository\org\seleniumhq\selenium\selenium-chrome-driver\3.141.59\selenium-chrome-driver-3.141.59.jar;C:\Users\ivan_\.m2\repository\org\seleniumhq\selenium\selenium-remote-driver\3.141.59\selenium-remote-driver-3.141.59.jar;C:\Users\ivan_\.m2\repository\net\bytebuddy\byte-buddy\1.8.15\byte-buddy-1.8.15.jar;C:\Users\ivan_\.m2\repository\org\apache\commons\commons-exec\1.3\commons-exec-1.3.jar;C:\Users\ivan_\.m2\repository\com\google\guava\guava\25.0-jre\guava-25.0-jre.jar;C:\Users\ivan_\.m2\repository\com\google\code\findbugs\jsr305\1.3.9\jsr305-1.3.9.jar;C:\Users\ivan_\.m2\repository\org\checkerframework\checker-compat-qual\2.0.0\checker-compat-qual-2.0.0.jar;C:\Users\ivan_\.m2\repository\com\google\errorprone\error_prone_annotations\2.1.3\error_prone_annotations-2.1.3.jar;C:\Users\ivan_\.m2\repository\com\google\j2objc\j2objc-annotations\1.1\j2objc-annotations-1.1.jar;C:\Users\ivan_\.m2\repository\org\codehaus\mojo\animal-sniffer-annotations\1.14\animal-sniffer-annotations-1.14.jar;C:\Users\ivan_\.m2\repository\com\squareup\okhttp3\okhttp\3.11.0\okhttp-3.11.0.jar;C:\Users\ivan_\.m2\repository\com\squareup\okio\okio\1.14.0\okio-1.14.0.jar;C:\Users\ivan_\.m2\repository\junit\junit\4.13.2\junit-4.13.2.jar;C:\Users\ivan_\.m2\repository\org\hamcrest\hamcrest-core\1.3\hamcrest-core-1.3.jar;C:\Users\ivan_\.m2\repository\org\seleniumhq\selenium\selenium-firefox-driver\3.141.59\selenium-firefox-driver-3.141.59.jar;C:\Users\ivan_\.m2\repository\org\seleniumhq\selenium\selenium-support\3.141.59\selenium-support-3.141.59.jar;C:\Users\ivan_\.m2\repository\org\junit\jupiter\junit-jupiter-params\5.7.0\junit-jupiter-params-5.7.0.jar;C:\Users\ivan_\.m2\repository\org\apiguardian\apiguardian-api\1.1.0\apiguardian-api-1.1.0.jar;C:\Users\ivan_\.m2\repository\org\junit\jupiter\junit-jupiter-api\5.7.0\junit-jupiter-api-5.7.0.jar;C:\Users\ivan_\.m2\repository\org\opentest4j\opentest4j\1.2.0\opentest4j-1.2.0.jar;C:\Users\ivan_\.m2\repository\org\junit\platform\junit-platform-commons\1.7.0\junit-platform-commons-1.7.0.jar&amp;quot; com.intellij.rt.junit.JUnitStarter -ideVersion5 -junit5 @w@C:\Users\ivan_\AppData\Local\Temp\idea_working_dirs_junit.tmp @C:\Users\ivan_\AppData\Local\Temp\idea_junit.tmp -socket6327
Process finished with exit code -1
</output>
    </root>
    <suite duration="4686" locationUrl="java:suite://JUnit.Dolibarr.CreateCompany1Test" name="CreateCompany1Test" status="error">
        <test duration="4686" locationUrl="java:test://JUnit.Dolibarr.CreateCompany1Test/createCompany1" name="createCompany1" metainfo="" status="error">
            <output type="stderr">Starting ChromeDriver 114.0.5735.90
                (386bc09e8f4f2e025eddae123f36f6263096ae49-refs/branch-heads/5735@{#1052}) on port 3515
                Only local connections are allowed.
                Please see https://chromedriver.chromium.org/security-considerations for suggestions on keeping
                ChromeDriver safe.
                ChromeDriver was started successfully.
                lug 05, 2023 10:49:50 AM org.openqa.selenium.remote.ProtocolHandshake createSession
                INFO: Detected dialect: W3C
                org.openqa.selenium.NoSuchElementException: no such element: Unable to locate element: {&amp;quot;method&amp;quot;:&amp;quot;css
                selector&amp;quot;,&amp;quot;selector&amp;quot;:&amp;quot;.fiche &amp;gt; .inline-block:nth-child(4)&amp;quot;}
                (Session info: chrome=114.0.5735.199)
                For documentation on this error, please visit:
                https://www.seleniumhq.org/exceptions/no_such_element.html
                Build info: version: &amp;#39;3.141.59&amp;#39;, revision: &amp;#39;e82be7d358&amp;#39;, time: &amp;#39;2018-11-14T08:17:03&amp;#39;
                System info: host: &amp;#39;DESKTOP-42AP7HA&amp;#39;, ip: &amp;#39;172.22.128.1&amp;#39;, os.name: &amp;#39;Windows
                10&amp;#39;, os.arch: &amp;#39;amd64&amp;#39;, os.version: &amp;#39;10.0&amp;#39;, java.version: &amp;#39;11.0.12&amp;#39;
                Driver info: org.openqa.selenium.chrome.ChromeDriver
                Capabilities {acceptInsecureCerts: false, browserName: chrome, browserVersion: 114.0.5735.199, chrome:
                {chromedriverVersion: 114.0.5735.90 (386bc09e8f4f..., userDataDir: C:\Users\ivan_\AppData\Loca...},
                goog:chromeOptions: {debuggerAddress: localhost:6337}, javascriptEnabled: true,
                networkConnectionEnabled: false, pageLoadStrategy: normal, platform: WINDOWS, platformName: WINDOWS,
                proxy: Proxy(), setWindowRect: true, strictFileInteractability: false, timeouts: {implicit: 0, pageLoad:
                300000, script: 30000}, unhandledPromptBehavior: dismiss and notify, webauthn:extension:credBlob: true,
                webauthn:extension:largeBlob: true, webauthn:extension:minPinLength: true, webauthn:extension:prf: true,
                webauthn:virtualAuthenticators: true}
                Session ID: 8474dbbcb8ead06d0c990f5c756c87d5
                *** Selector info: {Using=css selector, value=.fiche &amp;gt; .inline-block:nth-child(4)}&#13;
                at java.base/jdk.internal.reflect.NativeConstructorAccessorImpl.newInstance0(Native Method)&#13;
                at
                java.base/jdk.internal.reflect.NativeConstructorAccessorImpl.newInstance(NativeConstructorAccessorImpl.java:62)&#13;
                at
                java.base/jdk.internal.reflect.DelegatingConstructorAccessorImpl.newInstance(DelegatingConstructorAccessorImpl.java:45)&#13;
                at java.base/java.lang.reflect.Constructor.newInstance(Constructor.java:490)&#13;
                at org.openqa.selenium.remote.http.W3CHttpResponseCodec.createException(W3CHttpResponseCodec.java:187)&#13;
                at org.openqa.selenium.remote.http.W3CHttpResponseCodec.decode(W3CHttpResponseCodec.java:122)&#13;
                at org.openqa.selenium.remote.http.W3CHttpResponseCodec.decode(W3CHttpResponseCodec.java:49)&#13;
                at org.openqa.selenium.remote.HttpCommandExecutor.execute(HttpCommandExecutor.java:158)&#13;
                at org.openqa.selenium.remote.service.DriverCommandExecutor.execute(DriverCommandExecutor.java:83)&#13;
                at org.openqa.selenium.remote.RemoteWebDriver.execute(RemoteWebDriver.java:552)&#13;
                at org.openqa.selenium.remote.RemoteWebDriver.findElement(RemoteWebDriver.java:323)&#13;
                at org.openqa.selenium.remote.RemoteWebDriver.findElementByCssSelector(RemoteWebDriver.java:420)&#13;
                at org.openqa.selenium.By$ByCssSelector.findElement(By.java:431)&#13;
                at org.openqa.selenium.remote.RemoteWebDriver.findElement(RemoteWebDriver.java:315)&#13;
                at JUnit.Dolibarr.CreateCompany1Test.createCompany1(CreateCompany1Test.java:48)&#13;
                at java.base/jdk.internal.reflect.NativeMethodAccessorImpl.invoke0(Native Method)&#13;
                at java.base/jdk.internal.reflect.NativeMethodAccessorImpl.invoke(NativeMethodAccessorImpl.java:62)&#13;
                at
                java.base/jdk.internal.reflect.DelegatingMethodAccessorImpl.invoke(DelegatingMethodAccessorImpl.java:43)&#13;
                at java.base/java.lang.reflect.Method.invoke(Method.java:566)&#13;
                at org.junit.runners.model.FrameworkMethod$1.runReflectiveCall(FrameworkMethod.java:59)&#13;
                at org.junit.internal.runners.model.ReflectiveCallable.run(ReflectiveCallable.java:12)&#13;
                at org.junit.runners.model.FrameworkMethod.invokeExplosively(FrameworkMethod.java:56)&#13;
                at org.junit.internal.runners.statements.InvokeMethod.evaluate(InvokeMethod.java:17)&#13;
                at org.junit.internal.runners.statements.RunBefores.evaluate(RunBefores.java:26)&#13;
                at org.junit.internal.runners.statements.RunAfters.evaluate(RunAfters.java:27)&#13;
                at org.junit.runners.ParentRunner$3.evaluate(ParentRunner.java:306)&#13;
                at org.junit.runners.BlockJUnit4ClassRunner$1.evaluate(BlockJUnit4ClassRunner.java:100)&#13;
                at org.junit.runners.ParentRunner.runLeaf(ParentRunner.java:366)&#13;
                at org.junit.runners.BlockJUnit4ClassRunner.runChild(BlockJUnit4ClassRunner.java:103)&#13;
                at org.junit.runners.BlockJUnit4ClassRunner.runChild(BlockJUnit4ClassRunner.java:63)&#13;
                at org.junit.runners.ParentRunner$4.run(ParentRunner.java:331)&#13;
                at org.junit.runners.ParentRunner$1.schedule(ParentRunner.java:79)&#13;
                at org.junit.runners.ParentRunner.runChildren(ParentRunner.java:329)&#13;
                at org.junit.runners.ParentRunner.access$100(ParentRunner.java:66)&#13;
                at org.junit.runners.ParentRunner$2.evaluate(ParentRunner.java:293)&#13;
                at org.junit.runners.ParentRunner$3.evaluate(ParentRunner.java:306)&#13;
                at org.junit.runners.ParentRunner.run(ParentRunner.java:413)&#13;
                at org.junit.runner.JUnitCore.run(JUnitCore.java:137)&#13;
                at org.junit.runner.JUnitCore.run(JUnitCore.java:115)&#13;
                at org.junit.vintage.engine.execution.RunnerExecutor.execute(RunnerExecutor.java:43)&#13;
                at java.base/java.util.stream.ForEachOps$ForEachOp$OfRef.accept(ForEachOps.java:183)&#13;
                at java.base/java.util.stream.ReferencePipeline$3$1.accept(ReferencePipeline.java:195)&#13;
                at java.base/java.util.Iterator.forEachRemaining(Iterator.java:133)&#13;
                at java.base/java.util.Spliterators$IteratorSpliterator.forEachRemaining(Spliterators.java:1801)&#13;
                at java.base/java.util.stream.AbstractPipeline.copyInto(AbstractPipeline.java:484)&#13;
                at java.base/java.util.stream.AbstractPipeline.wrapAndCopyInto(AbstractPipeline.java:474)&#13;
                at java.base/java.util.stream.ForEachOps$ForEachOp.evaluateSequential(ForEachOps.java:150)&#13;
                at java.base/java.util.stream.ForEachOps$ForEachOp$OfRef.evaluateSequential(ForEachOps.java:173)&#13;
                at java.base/java.util.stream.AbstractPipeline.evaluate(AbstractPipeline.java:234)&#13;
                at java.base/java.util.stream.ReferencePipeline.forEach(ReferencePipeline.java:497)&#13;
                at org.junit.vintage.engine.VintageTestEngine.executeAllChildren(VintageTestEngine.java:82)&#13;
                at org.junit.vintage.engine.VintageTestEngine.execute(VintageTestEngine.java:73)&#13;
                at
                org.junit.platform.launcher.core.EngineExecutionOrchestrator.execute(EngineExecutionOrchestrator.java:108)&#13;
                at
                org.junit.platform.launcher.core.EngineExecutionOrchestrator.execute(EngineExecutionOrchestrator.java:88)&#13;
                at
                org.junit.platform.launcher.core.EngineExecutionOrchestrator.lambda$execute$0(EngineExecutionOrchestrator.java:54)&#13;
                at
                org.junit.platform.launcher.core.EngineExecutionOrchestrator.withInterceptedStreams(EngineExecutionOrchestrator.java:67)&#13;
                at
                org.junit.platform.launcher.core.EngineExecutionOrchestrator.execute(EngineExecutionOrchestrator.java:52)&#13;
                at org.junit.platform.launcher.core.DefaultLauncher.execute(DefaultLauncher.java:96)&#13;
                at org.junit.platform.launcher.core.DefaultLauncher.execute(DefaultLauncher.java:75)&#13;
                at com.intellij.junit5.JUnit5IdeaTestRunner.startRunnerWithArgs(JUnit5IdeaTestRunner.java:71)&#13;
                at com.intellij.rt.junit.IdeaTestRunner$Repeater.startRunnerWithArgs(IdeaTestRunner.java:33)&#13;
                at com.intellij.rt.junit.JUnitStarter.prepareStreamsAndStart(JUnitStarter.java:221)&#13;
                at com.intellij.rt.junit.JUnitStarter.main(JUnitStarter.java:54)&#13;
            </output>
        </test>
    </suite>
    <suite duration="3154" locationUrl="java:suite://JUnit.Dolibarr.CreateProject1Test" name="CreateProject1Test" status="passed">
        <test duration="3154" locationUrl="java:test://JUnit.Dolibarr.CreateProject1Test/createProject1" name="createProject1" metainfo="" status="passed">
            <output type="stderr">Starting ChromeDriver 114.0.5735.90 (386bc09e8f4f2e025eddae123f36f6263096ae49-refs/branch-heads/5735@{#1052}) on port 32116
Only local connections are allowed.
Please see https://chromedriver.chromium.org/security-considerations for suggestions on keeping ChromeDriver safe.
ChromeDriver was started successfully.
lug 05, 2023 10:49:54 AM org.openqa.selenium.remote.ProtocolHandshake createSession
INFO: Detected dialect: W3C
</output>
        </test>
    </suite>
    <suite duration="2929" locationUrl="java:suite://JUnit.Dolibarr.CreateReport1Test" name="CreateReport1Test" status="passed">
        <test duration="2929" locationUrl="java:test://JUnit.Dolibarr.CreateReport1Test/createReport1" name="createReport1" metainfo="" status="passed">
            <output type="stderr">Starting ChromeDriver 114.0.5735.90 (386bc09e8f4f2e025eddae123f36f6263096ae49-refs/branch-heads/5735@{#1052}) on port 13802
Only local connections are allowed.
Please see https://chromedriver.chromium.org/security-considerations for suggestions on keeping ChromeDriver safe.
ChromeDriver was started successfully.
lug 05, 2023 10:49:57 AM org.openqa.selenium.remote.ProtocolHandshake createSession
INFO: Detected dialect: W3C
</output>
        </test>
    </suite>
    <suite duration="3161" locationUrl="java:suite://JUnit.Dolibarr.CreateTicket1Test" name="CreateTicket1Test" status="error">
        <test duration="3161" locationUrl="java:test://JUnit.Dolibarr.CreateTicket1Test/createTicket1" name="createTicket1" metainfo="" status="error">
            <output type="stderr">Starting ChromeDriver 114.0.5735.90
                (386bc09e8f4f2e025eddae123f36f6263096ae49-refs/branch-heads/5735@{#1052}) on port 34125
                Only local connections are allowed.
                Please see https://chromedriver.chromium.org/security-considerations for suggestions on keeping
                ChromeDriver safe.
                ChromeDriver was started successfully.
                lug 05, 2023 10:50:00 AM org.openqa.selenium.remote.ProtocolHandshake createSession
                INFO: Detected dialect: W3C
                org.openqa.selenium.NoSuchElementException: no such element: Unable to locate element: {&amp;quot;method&amp;quot;:&amp;quot;css
                selector&amp;quot;,&amp;quot;selector&amp;quot;:&amp;quot;.ui-button:nth-child(1)&amp;quot;}
                (Session info: chrome=114.0.5735.199)
                For documentation on this error, please visit:
                https://www.seleniumhq.org/exceptions/no_such_element.html
                Build info: version: &amp;#39;3.141.59&amp;#39;, revision: &amp;#39;e82be7d358&amp;#39;, time: &amp;#39;2018-11-14T08:17:03&amp;#39;
                System info: host: &amp;#39;DESKTOP-42AP7HA&amp;#39;, ip: &amp;#39;172.22.128.1&amp;#39;, os.name: &amp;#39;Windows
                10&amp;#39;, os.arch: &amp;#39;amd64&amp;#39;, os.version: &amp;#39;10.0&amp;#39;, java.version: &amp;#39;11.0.12&amp;#39;
                Driver info: org.openqa.selenium.chrome.ChromeDriver
                Capabilities {acceptInsecureCerts: false, browserName: chrome, browserVersion: 114.0.5735.199, chrome:
                {chromedriverVersion: 114.0.5735.90 (386bc09e8f4f..., userDataDir: C:\Users\ivan_\AppData\Loca...},
                goog:chromeOptions: {debuggerAddress: localhost:6403}, javascriptEnabled: true,
                networkConnectionEnabled: false, pageLoadStrategy: normal, platform: WINDOWS, platformName: WINDOWS,
                proxy: Proxy(), setWindowRect: true, strictFileInteractability: false, timeouts: {implicit: 0, pageLoad:
                300000, script: 30000}, unhandledPromptBehavior: dismiss and notify, webauthn:extension:credBlob: true,
                webauthn:extension:largeBlob: true, webauthn:extension:minPinLength: true, webauthn:extension:prf: true,
                webauthn:virtualAuthenticators: true}
                Session ID: a5eb8f5564b0760b3a9c57b80ce605f3
                *** Selector info: {Using=css selector, value=.ui-button:nth-child(1)}&#13;
                at java.base/jdk.internal.reflect.NativeConstructorAccessorImpl.newInstance0(Native Method)&#13;
                at
                java.base/jdk.internal.reflect.NativeConstructorAccessorImpl.newInstance(NativeConstructorAccessorImpl.java:62)&#13;
                at
                java.base/jdk.internal.reflect.DelegatingConstructorAccessorImpl.newInstance(DelegatingConstructorAccessorImpl.java:45)&#13;
                at java.base/java.lang.reflect.Constructor.newInstance(Constructor.java:490)&#13;
                at org.openqa.selenium.remote.http.W3CHttpResponseCodec.createException(W3CHttpResponseCodec.java:187)&#13;
                at org.openqa.selenium.remote.http.W3CHttpResponseCodec.decode(W3CHttpResponseCodec.java:122)&#13;
                at org.openqa.selenium.remote.http.W3CHttpResponseCodec.decode(W3CHttpResponseCodec.java:49)&#13;
                at org.openqa.selenium.remote.HttpCommandExecutor.execute(HttpCommandExecutor.java:158)&#13;
                at org.openqa.selenium.remote.service.DriverCommandExecutor.execute(DriverCommandExecutor.java:83)&#13;
                at org.openqa.selenium.remote.RemoteWebDriver.execute(RemoteWebDriver.java:552)&#13;
                at org.openqa.selenium.remote.RemoteWebDriver.findElement(RemoteWebDriver.java:323)&#13;
                at org.openqa.selenium.remote.RemoteWebDriver.findElementByCssSelector(RemoteWebDriver.java:420)&#13;
                at org.openqa.selenium.By$ByCssSelector.findElement(By.java:431)&#13;
                at org.openqa.selenium.remote.RemoteWebDriver.findElement(RemoteWebDriver.java:315)&#13;
                at JUnit.Dolibarr.CreateTicket1Test.createTicket1(CreateTicket1Test.java:53)&#13;
                at java.base/jdk.internal.reflect.NativeMethodAccessorImpl.invoke0(Native Method)&#13;
                at java.base/jdk.internal.reflect.NativeMethodAccessorImpl.invoke(NativeMethodAccessorImpl.java:62)&#13;
                at
                java.base/jdk.internal.reflect.DelegatingMethodAccessorImpl.invoke(DelegatingMethodAccessorImpl.java:43)&#13;
                at java.base/java.lang.reflect.Method.invoke(Method.java:566)&#13;
                at org.junit.runners.model.FrameworkMethod$1.runReflectiveCall(FrameworkMethod.java:59)&#13;
                at org.junit.internal.runners.model.ReflectiveCallable.run(ReflectiveCallable.java:12)&#13;
                at org.junit.runners.model.FrameworkMethod.invokeExplosively(FrameworkMethod.java:56)&#13;
                at org.junit.internal.runners.statements.InvokeMethod.evaluate(InvokeMethod.java:17)&#13;
                at org.junit.internal.runners.statements.RunBefores.evaluate(RunBefores.java:26)&#13;
                at org.junit.internal.runners.statements.RunAfters.evaluate(RunAfters.java:27)&#13;
                at org.junit.runners.ParentRunner$3.evaluate(ParentRunner.java:306)&#13;
                at org.junit.runners.BlockJUnit4ClassRunner$1.evaluate(BlockJUnit4ClassRunner.java:100)&#13;
                at org.junit.runners.ParentRunner.runLeaf(ParentRunner.java:366)&#13;
                at org.junit.runners.BlockJUnit4ClassRunner.runChild(BlockJUnit4ClassRunner.java:103)&#13;
                at org.junit.runners.BlockJUnit4ClassRunner.runChild(BlockJUnit4ClassRunner.java:63)&#13;
                at org.junit.runners.ParentRunner$4.run(ParentRunner.java:331)&#13;
                at org.junit.runners.ParentRunner$1.schedule(ParentRunner.java:79)&#13;
                at org.junit.runners.ParentRunner.runChildren(ParentRunner.java:329)&#13;
                at org.junit.runners.ParentRunner.access$100(ParentRunner.java:66)&#13;
                at org.junit.runners.ParentRunner$2.evaluate(ParentRunner.java:293)&#13;
                at org.junit.runners.ParentRunner$3.evaluate(ParentRunner.java:306)&#13;
                at org.junit.runners.ParentRunner.run(ParentRunner.java:413)&#13;
                at org.junit.runner.JUnitCore.run(JUnitCore.java:137)&#13;
                at org.junit.runner.JUnitCore.run(JUnitCore.java:115)&#13;
                at org.junit.vintage.engine.execution.RunnerExecutor.execute(RunnerExecutor.java:43)&#13;
                at java.base/java.util.stream.ForEachOps$ForEachOp$OfRef.accept(ForEachOps.java:183)&#13;
                at java.base/java.util.stream.ReferencePipeline$3$1.accept(ReferencePipeline.java:195)&#13;
                at java.base/java.util.Iterator.forEachRemaining(Iterator.java:133)&#13;
                at java.base/java.util.Spliterators$IteratorSpliterator.forEachRemaining(Spliterators.java:1801)&#13;
                at java.base/java.util.stream.AbstractPipeline.copyInto(AbstractPipeline.java:484)&#13;
                at java.base/java.util.stream.AbstractPipeline.wrapAndCopyInto(AbstractPipeline.java:474)&#13;
                at java.base/java.util.stream.ForEachOps$ForEachOp.evaluateSequential(ForEachOps.java:150)&#13;
                at java.base/java.util.stream.ForEachOps$ForEachOp$OfRef.evaluateSequential(ForEachOps.java:173)&#13;
                at java.base/java.util.stream.AbstractPipeline.evaluate(AbstractPipeline.java:234)&#13;
                at java.base/java.util.stream.ReferencePipeline.forEach(ReferencePipeline.java:497)&#13;
                at org.junit.vintage.engine.VintageTestEngine.executeAllChildren(VintageTestEngine.java:82)&#13;
                at org.junit.vintage.engine.VintageTestEngine.execute(VintageTestEngine.java:73)&#13;
                at
                org.junit.platform.launcher.core.EngineExecutionOrchestrator.execute(EngineExecutionOrchestrator.java:108)&#13;
                at
                org.junit.platform.launcher.core.EngineExecutionOrchestrator.execute(EngineExecutionOrchestrator.java:88)&#13;
                at
                org.junit.platform.launcher.core.EngineExecutionOrchestrator.lambda$execute$0(EngineExecutionOrchestrator.java:54)&#13;
                at
                org.junit.platform.launcher.core.EngineExecutionOrchestrator.withInterceptedStreams(EngineExecutionOrchestrator.java:67)&#13;
                at
                org.junit.platform.launcher.core.EngineExecutionOrchestrator.execute(EngineExecutionOrchestrator.java:52)&#13;
                at org.junit.platform.launcher.core.DefaultLauncher.execute(DefaultLauncher.java:96)&#13;
                at org.junit.platform.launcher.core.DefaultLauncher.execute(DefaultLauncher.java:75)&#13;
                at com.intellij.junit5.JUnit5IdeaTestRunner.startRunnerWithArgs(JUnit5IdeaTestRunner.java:71)&#13;
                at com.intellij.rt.junit.IdeaTestRunner$Repeater.startRunnerWithArgs(IdeaTestRunner.java:33)&#13;
                at com.intellij.rt.junit.JUnitStarter.prepareStreamsAndStart(JUnitStarter.java:221)&#13;
                at com.intellij.rt.junit.JUnitStarter.main(JUnitStarter.java:54)&#13;
            </output>
        </test>
    </suite>
    <suite duration="4788" locationUrl="java:suite://JUnit.Dolibarr.DeleteBackup1Test" name="DeleteBackup1Test" status="passed">
        <test duration="4788" locationUrl="java:test://JUnit.Dolibarr.DeleteBackup1Test/deleteBackup1" name="deleteBackup1" metainfo="" status="passed">
            <output type="stderr">Starting ChromeDriver 114.0.5735.90 (386bc09e8f4f2e025eddae123f36f6263096ae49-refs/branch-heads/5735@{#1052}) on port 9393
Only local connections are allowed.
Please see https://chromedriver.chromium.org/security-considerations for suggestions on keeping ChromeDriver safe.
ChromeDriver was started successfully.
lug 05, 2023 10:50:03 AM org.openqa.selenium.remote.ProtocolHandshake createSession
INFO: Detected dialect: W3C
</output>
        </test>
    </suite>
    <suite duration="3781" locationUrl="java:suite://JUnit.Dolibarr.DeleteHoliday1Test" name="DeleteHoliday1Test" status="passed">
        <test duration="3781" locationUrl="java:test://JUnit.Dolibarr.DeleteHoliday1Test/deleteHoliday1" name="deleteHoliday1" metainfo="" status="passed">
            <output type="stderr">Starting ChromeDriver 114.0.5735.90 (386bc09e8f4f2e025eddae123f36f6263096ae49-refs/branch-heads/5735@{#1052}) on port 45204
Only local connections are allowed.
Please see https://chromedriver.chromium.org/security-considerations for suggestions on keeping ChromeDriver safe.
ChromeDriver was started successfully.
lug 05, 2023 10:50:08 AM org.openqa.selenium.remote.ProtocolHandshake createSession
INFO: Detected dialect: W3C
</output>
        </test>
    </suite>
    <suite duration="3208" locationUrl="java:suite://JUnit.Dolibarr.DeleteProductLot1Test" name="DeleteProductLot1Test" status="passed">
        <test duration="3208" locationUrl="java:test://JUnit.Dolibarr.DeleteProductLot1Test/deleteProductLot1" name="deleteProductLot1" metainfo="" status="passed">
            <output type="stderr">Starting ChromeDriver 114.0.5735.90 (386bc09e8f4f2e025eddae123f36f6263096ae49-refs/branch-heads/5735@{#1052}) on port 27425
Only local connections are allowed.
Please see https://chromedriver.chromium.org/security-considerations for suggestions on keeping ChromeDriver safe.
ChromeDriver was started successfully.
lug 05, 2023 10:50:12 AM org.openqa.selenium.remote.ProtocolHandshake createSession
INFO: Detected dialect: W3C
</output>
        </test>
    </suite>
    <suite duration="2851" locationUrl="java:suite://JUnit.Dolibarr.ReadAgenda1Test" name="ReadAgenda1Test" status="passed">
        <test duration="2851" locationUrl="java:test://JUnit.Dolibarr.ReadAgenda1Test/readAgenda1" name="readAgenda1" metainfo="" status="passed">
            <output type="stderr">Starting ChromeDriver 114.0.5735.90 (386bc09e8f4f2e025eddae123f36f6263096ae49-refs/branch-heads/5735@{#1052}) on port 13409
Only local connections are allowed.
Please see https://chromedriver.chromium.org/security-considerations for suggestions on keeping ChromeDriver safe.
ChromeDriver was started successfully.
lug 05, 2023 10:50:15 AM org.openqa.selenium.remote.ProtocolHandshake createSession
INFO: Detected dialect: W3C
</output>
        </test>
    </suite>
    <suite duration="2634" locationUrl="java:suite://JUnit.Dolibarr.ReadBAccounts1Test" name="ReadBAccounts1Test" status="failed">
        <test duration="2634" locationUrl="java:test://JUnit.Dolibarr.ReadBAccounts1Test/readBAccounts1" name="readBAccounts1" metainfo="" status="failed">
            <diff actual="" expected="Tag/categorie:"/>
            <output type="stderr">Starting ChromeDriver 114.0.5735.90
                (386bc09e8f4f2e025eddae123f36f6263096ae49-refs/branch-heads/5735@{#1052}) on port 9665
                Only local connections are allowed.
                Please see https://chromedriver.chromium.org/security-considerations for suggestions on keeping
                ChromeDriver safe.
                ChromeDriver was started successfully.
                lug 05, 2023 10:50:18 AM org.openqa.selenium.remote.ProtocolHandshake createSession
                INFO: Detected dialect: W3C
                java.lang.AssertionError:
                Expected: is &amp;quot;Tag/categorie:&amp;quot;
                but: was &amp;quot;&amp;quot;&#13;
                at org.hamcrest.MatcherAssert.assertThat(MatcherAssert.java:20)&#13;
                at org.junit.Assert.assertThat(Assert.java:964)&#13;
                at org.junit.Assert.assertThat(Assert.java:930)&#13;
                at JUnit.Dolibarr.ReadBAccounts1Test.readBAccounts1(ReadBAccounts1Test.java:47)&#13;
                at java.base/jdk.internal.reflect.NativeMethodAccessorImpl.invoke0(Native Method)&#13;
                at java.base/jdk.internal.reflect.NativeMethodAccessorImpl.invoke(NativeMethodAccessorImpl.java:62)&#13;
                at
                java.base/jdk.internal.reflect.DelegatingMethodAccessorImpl.invoke(DelegatingMethodAccessorImpl.java:43)&#13;
                at java.base/java.lang.reflect.Method.invoke(Method.java:566)&#13;
                at org.junit.runners.model.FrameworkMethod$1.runReflectiveCall(FrameworkMethod.java:59)&#13;
                at org.junit.internal.runners.model.ReflectiveCallable.run(ReflectiveCallable.java:12)&#13;
                at org.junit.runners.model.FrameworkMethod.invokeExplosively(FrameworkMethod.java:56)&#13;
                at org.junit.internal.runners.statements.InvokeMethod.evaluate(InvokeMethod.java:17)&#13;
                at org.junit.internal.runners.statements.RunBefores.evaluate(RunBefores.java:26)&#13;
                at org.junit.internal.runners.statements.RunAfters.evaluate(RunAfters.java:27)&#13;
                at org.junit.runners.ParentRunner$3.evaluate(ParentRunner.java:306)&#13;
                at org.junit.runners.BlockJUnit4ClassRunner$1.evaluate(BlockJUnit4ClassRunner.java:100)&#13;
                at org.junit.runners.ParentRunner.runLeaf(ParentRunner.java:366)&#13;
                at org.junit.runners.BlockJUnit4ClassRunner.runChild(BlockJUnit4ClassRunner.java:103)&#13;
                at org.junit.runners.BlockJUnit4ClassRunner.runChild(BlockJUnit4ClassRunner.java:63)&#13;
                at org.junit.runners.ParentRunner$4.run(ParentRunner.java:331)&#13;
                at org.junit.runners.ParentRunner$1.schedule(ParentRunner.java:79)&#13;
                at org.junit.runners.ParentRunner.runChildren(ParentRunner.java:329)&#13;
                at org.junit.runners.ParentRunner.access$100(ParentRunner.java:66)&#13;
                at org.junit.runners.ParentRunner$2.evaluate(ParentRunner.java:293)&#13;
                at org.junit.runners.ParentRunner$3.evaluate(ParentRunner.java:306)&#13;
                at org.junit.runners.ParentRunner.run(ParentRunner.java:413)&#13;
                at org.junit.runner.JUnitCore.run(JUnitCore.java:137)&#13;
                at org.junit.runner.JUnitCore.run(JUnitCore.java:115)&#13;
                at org.junit.vintage.engine.execution.RunnerExecutor.execute(RunnerExecutor.java:43)&#13;
                at java.base/java.util.stream.ForEachOps$ForEachOp$OfRef.accept(ForEachOps.java:183)&#13;
                at java.base/java.util.stream.ReferencePipeline$3$1.accept(ReferencePipeline.java:195)&#13;
                at java.base/java.util.Iterator.forEachRemaining(Iterator.java:133)&#13;
                at java.base/java.util.Spliterators$IteratorSpliterator.forEachRemaining(Spliterators.java:1801)&#13;
                at java.base/java.util.stream.AbstractPipeline.copyInto(AbstractPipeline.java:484)&#13;
                at java.base/java.util.stream.AbstractPipeline.wrapAndCopyInto(AbstractPipeline.java:474)&#13;
                at java.base/java.util.stream.ForEachOps$ForEachOp.evaluateSequential(ForEachOps.java:150)&#13;
                at java.base/java.util.stream.ForEachOps$ForEachOp$OfRef.evaluateSequential(ForEachOps.java:173)&#13;
                at java.base/java.util.stream.AbstractPipeline.evaluate(AbstractPipeline.java:234)&#13;
                at java.base/java.util.stream.ReferencePipeline.forEach(ReferencePipeline.java:497)&#13;
                at org.junit.vintage.engine.VintageTestEngine.executeAllChildren(VintageTestEngine.java:82)&#13;
                at org.junit.vintage.engine.VintageTestEngine.execute(VintageTestEngine.java:73)&#13;
                at
                org.junit.platform.launcher.core.EngineExecutionOrchestrator.execute(EngineExecutionOrchestrator.java:108)&#13;
                at
                org.junit.platform.launcher.core.EngineExecutionOrchestrator.execute(EngineExecutionOrchestrator.java:88)&#13;
                at
                org.junit.platform.launcher.core.EngineExecutionOrchestrator.lambda$execute$0(EngineExecutionOrchestrator.java:54)&#13;
                at
                org.junit.platform.launcher.core.EngineExecutionOrchestrator.withInterceptedStreams(EngineExecutionOrchestrator.java:67)&#13;
                at
                org.junit.platform.launcher.core.EngineExecutionOrchestrator.execute(EngineExecutionOrchestrator.java:52)&#13;
                at org.junit.platform.launcher.core.DefaultLauncher.execute(DefaultLauncher.java:96)&#13;
                at org.junit.platform.launcher.core.DefaultLauncher.execute(DefaultLauncher.java:75)&#13;
                at com.intellij.junit5.JUnit5IdeaTestRunner.startRunnerWithArgs(JUnit5IdeaTestRunner.java:71)&#13;
                at com.intellij.rt.junit.IdeaTestRunner$Repeater.startRunnerWithArgs(IdeaTestRunner.java:33)&#13;
                at com.intellij.rt.junit.JUnitStarter.prepareStreamsAndStart(JUnitStarter.java:221)&#13;
                at com.intellij.rt.junit.JUnitStarter.main(JUnitStarter.java:54)&#13;
            </output>
        </test>
    </suite>
    <suite duration="2619" locationUrl="java:suite://JUnit.Dolibarr.ReadContribution1Test" name="ReadContribution1Test" status="error">
        <test duration="2619" locationUrl="java:test://JUnit.Dolibarr.ReadContribution1Test/readContribution1" name="readContribution1" metainfo="" status="error">
            <output type="stderr">Starting ChromeDriver 114.0.5735.90
                (386bc09e8f4f2e025eddae123f36f6263096ae49-refs/branch-heads/5735@{#1052}) on port 29664
                Only local connections are allowed.
                Please see https://chromedriver.chromium.org/security-considerations for suggestions on keeping
                ChromeDriver safe.
                ChromeDriver was started successfully.
                lug 05, 2023 10:50:21 AM org.openqa.selenium.remote.ProtocolHandshake createSession
                INFO: Detected dialect: W3C
                org.openqa.selenium.NoSuchElementException: no such element: Unable to locate element: {&amp;quot;method&amp;quot;:&amp;quot;link
                text&amp;quot;,&amp;quot;selector&amp;quot;:&amp;quot;Adesioni&amp;quot;}
                (Session info: chrome=114.0.5735.199)
                For documentation on this error, please visit:
                https://www.seleniumhq.org/exceptions/no_such_element.html
                Build info: version: &amp;#39;3.141.59&amp;#39;, revision: &amp;#39;e82be7d358&amp;#39;, time: &amp;#39;2018-11-14T08:17:03&amp;#39;
                System info: host: &amp;#39;DESKTOP-42AP7HA&amp;#39;, ip: &amp;#39;172.22.128.1&amp;#39;, os.name: &amp;#39;Windows
                10&amp;#39;, os.arch: &amp;#39;amd64&amp;#39;, os.version: &amp;#39;10.0&amp;#39;, java.version: &amp;#39;11.0.12&amp;#39;
                Driver info: org.openqa.selenium.chrome.ChromeDriver
                Capabilities {acceptInsecureCerts: false, browserName: chrome, browserVersion: 114.0.5735.199, chrome:
                {chromedriverVersion: 114.0.5735.90 (386bc09e8f4f..., userDataDir: C:\Users\ivan_\AppData\Loca...},
                goog:chromeOptions: {debuggerAddress: localhost:6536}, javascriptEnabled: true,
                networkConnectionEnabled: false, pageLoadStrategy: normal, platform: WINDOWS, platformName: WINDOWS,
                proxy: Proxy(), setWindowRect: true, strictFileInteractability: false, timeouts: {implicit: 0, pageLoad:
                300000, script: 30000}, unhandledPromptBehavior: dismiss and notify, webauthn:extension:credBlob: true,
                webauthn:extension:largeBlob: true, webauthn:extension:minPinLength: true, webauthn:extension:prf: true,
                webauthn:virtualAuthenticators: true}
                Session ID: c6f94fbbc26016eca0d1f76247c4e5dc
                *** Selector info: {Using=link text, value=Adesioni}&#13;
                at java.base/jdk.internal.reflect.NativeConstructorAccessorImpl.newInstance0(Native Method)&#13;
                at
                java.base/jdk.internal.reflect.NativeConstructorAccessorImpl.newInstance(NativeConstructorAccessorImpl.java:62)&#13;
                at
                java.base/jdk.internal.reflect.DelegatingConstructorAccessorImpl.newInstance(DelegatingConstructorAccessorImpl.java:45)&#13;
                at java.base/java.lang.reflect.Constructor.newInstance(Constructor.java:490)&#13;
                at org.openqa.selenium.remote.http.W3CHttpResponseCodec.createException(W3CHttpResponseCodec.java:187)&#13;
                at org.openqa.selenium.remote.http.W3CHttpResponseCodec.decode(W3CHttpResponseCodec.java:122)&#13;
                at org.openqa.selenium.remote.http.W3CHttpResponseCodec.decode(W3CHttpResponseCodec.java:49)&#13;
                at org.openqa.selenium.remote.HttpCommandExecutor.execute(HttpCommandExecutor.java:158)&#13;
                at org.openqa.selenium.remote.service.DriverCommandExecutor.execute(DriverCommandExecutor.java:83)&#13;
                at org.openqa.selenium.remote.RemoteWebDriver.execute(RemoteWebDriver.java:552)&#13;
                at org.openqa.selenium.remote.RemoteWebDriver.findElement(RemoteWebDriver.java:323)&#13;
                at org.openqa.selenium.remote.RemoteWebDriver.findElementByLinkText(RemoteWebDriver.java:380)&#13;
                at org.openqa.selenium.By$ByLinkText.findElement(By.java:220)&#13;
                at org.openqa.selenium.remote.RemoteWebDriver.findElement(RemoteWebDriver.java:315)&#13;
                at JUnit.Dolibarr.ReadContribution1Test.readContribution1(ReadContribution1Test.java:48)&#13;
                at java.base/jdk.internal.reflect.NativeMethodAccessorImpl.invoke0(Native Method)&#13;
                at java.base/jdk.internal.reflect.NativeMethodAccessorImpl.invoke(NativeMethodAccessorImpl.java:62)&#13;
                at
                java.base/jdk.internal.reflect.DelegatingMethodAccessorImpl.invoke(DelegatingMethodAccessorImpl.java:43)&#13;
                at java.base/java.lang.reflect.Method.invoke(Method.java:566)&#13;
                at org.junit.runners.model.FrameworkMethod$1.runReflectiveCall(FrameworkMethod.java:59)&#13;
                at org.junit.internal.runners.model.ReflectiveCallable.run(ReflectiveCallable.java:12)&#13;
                at org.junit.runners.model.FrameworkMethod.invokeExplosively(FrameworkMethod.java:56)&#13;
                at org.junit.internal.runners.statements.InvokeMethod.evaluate(InvokeMethod.java:17)&#13;
                at org.junit.internal.runners.statements.RunBefores.evaluate(RunBefores.java:26)&#13;
                at org.junit.internal.runners.statements.RunAfters.evaluate(RunAfters.java:27)&#13;
                at org.junit.runners.ParentRunner$3.evaluate(ParentRunner.java:306)&#13;
                at org.junit.runners.BlockJUnit4ClassRunner$1.evaluate(BlockJUnit4ClassRunner.java:100)&#13;
                at org.junit.runners.ParentRunner.runLeaf(ParentRunner.java:366)&#13;
                at org.junit.runners.BlockJUnit4ClassRunner.runChild(BlockJUnit4ClassRunner.java:103)&#13;
                at org.junit.runners.BlockJUnit4ClassRunner.runChild(BlockJUnit4ClassRunner.java:63)&#13;
                at org.junit.runners.ParentRunner$4.run(ParentRunner.java:331)&#13;
                at org.junit.runners.ParentRunner$1.schedule(ParentRunner.java:79)&#13;
                at org.junit.runners.ParentRunner.runChildren(ParentRunner.java:329)&#13;
                at org.junit.runners.ParentRunner.access$100(ParentRunner.java:66)&#13;
                at org.junit.runners.ParentRunner$2.evaluate(ParentRunner.java:293)&#13;
                at org.junit.runners.ParentRunner$3.evaluate(ParentRunner.java:306)&#13;
                at org.junit.runners.ParentRunner.run(ParentRunner.java:413)&#13;
                at org.junit.runner.JUnitCore.run(JUnitCore.java:137)&#13;
                at org.junit.runner.JUnitCore.run(JUnitCore.java:115)&#13;
                at org.junit.vintage.engine.execution.RunnerExecutor.execute(RunnerExecutor.java:43)&#13;
                at java.base/java.util.stream.ForEachOps$ForEachOp$OfRef.accept(ForEachOps.java:183)&#13;
                at java.base/java.util.stream.ReferencePipeline$3$1.accept(ReferencePipeline.java:195)&#13;
                at java.base/java.util.Iterator.forEachRemaining(Iterator.java:133)&#13;
                at java.base/java.util.Spliterators$IteratorSpliterator.forEachRemaining(Spliterators.java:1801)&#13;
                at java.base/java.util.stream.AbstractPipeline.copyInto(AbstractPipeline.java:484)&#13;
                at java.base/java.util.stream.AbstractPipeline.wrapAndCopyInto(AbstractPipeline.java:474)&#13;
                at java.base/java.util.stream.ForEachOps$ForEachOp.evaluateSequential(ForEachOps.java:150)&#13;
                at java.base/java.util.stream.ForEachOps$ForEachOp$OfRef.evaluateSequential(ForEachOps.java:173)&#13;
                at java.base/java.util.stream.AbstractPipeline.evaluate(AbstractPipeline.java:234)&#13;
                at java.base/java.util.stream.ReferencePipeline.forEach(ReferencePipeline.java:497)&#13;
                at org.junit.vintage.engine.VintageTestEngine.executeAllChildren(VintageTestEngine.java:82)&#13;
                at org.junit.vintage.engine.VintageTestEngine.execute(VintageTestEngine.java:73)&#13;
                at
                org.junit.platform.launcher.core.EngineExecutionOrchestrator.execute(EngineExecutionOrchestrator.java:108)&#13;
                at
                org.junit.platform.launcher.core.EngineExecutionOrchestrator.execute(EngineExecutionOrchestrator.java:88)&#13;
                at
                org.junit.platform.launcher.core.EngineExecutionOrchestrator.lambda$execute$0(EngineExecutionOrchestrator.java:54)&#13;
                at
                org.junit.platform.launcher.core.EngineExecutionOrchestrator.withInterceptedStreams(EngineExecutionOrchestrator.java:67)&#13;
                at
                org.junit.platform.launcher.core.EngineExecutionOrchestrator.execute(EngineExecutionOrchestrator.java:52)&#13;
                at org.junit.platform.launcher.core.DefaultLauncher.execute(DefaultLauncher.java:96)&#13;
                at org.junit.platform.launcher.core.DefaultLauncher.execute(DefaultLauncher.java:75)&#13;
                at com.intellij.junit5.JUnit5IdeaTestRunner.startRunnerWithArgs(JUnit5IdeaTestRunner.java:71)&#13;
                at com.intellij.rt.junit.IdeaTestRunner$Repeater.startRunnerWithArgs(IdeaTestRunner.java:33)&#13;
                at com.intellij.rt.junit.JUnitStarter.prepareStreamsAndStart(JUnitStarter.java:221)&#13;
                at com.intellij.rt.junit.JUnitStarter.main(JUnitStarter.java:54)&#13;
            </output>
        </test>
    </suite>
    <suite duration="2634" locationUrl="java:suite://JUnit.Dolibarr.ReadSubscription1Test" name="ReadSubscription1Test" status="error">
        <test duration="2634" locationUrl="java:test://JUnit.Dolibarr.ReadSubscription1Test/readSubscription1" name="readSubscription1" metainfo="" status="error">
            <output type="stderr">Starting ChromeDriver 114.0.5735.90
                (386bc09e8f4f2e025eddae123f36f6263096ae49-refs/branch-heads/5735@{#1052}) on port 11301
                Only local connections are allowed.
                Please see https://chromedriver.chromium.org/security-considerations for suggestions on keeping
                ChromeDriver safe.
                ChromeDriver was started successfully.
                lug 05, 2023 10:50:23 AM org.openqa.selenium.remote.ProtocolHandshake createSession
                INFO: Detected dialect: W3C
                org.openqa.selenium.NoSuchElementException: no such element: Unable to locate element: {&amp;quot;method&amp;quot;:&amp;quot;link
                text&amp;quot;,&amp;quot;selector&amp;quot;:&amp;quot;Without subscription&amp;quot;}
                (Session info: chrome=114.0.5735.199)
                For documentation on this error, please visit:
                https://www.seleniumhq.org/exceptions/no_such_element.html
                Build info: version: &amp;#39;3.141.59&amp;#39;, revision: &amp;#39;e82be7d358&amp;#39;, time: &amp;#39;2018-11-14T08:17:03&amp;#39;
                System info: host: &amp;#39;DESKTOP-42AP7HA&amp;#39;, ip: &amp;#39;172.22.128.1&amp;#39;, os.name: &amp;#39;Windows
                10&amp;#39;, os.arch: &amp;#39;amd64&amp;#39;, os.version: &amp;#39;10.0&amp;#39;, java.version: &amp;#39;11.0.12&amp;#39;
                Driver info: org.openqa.selenium.chrome.ChromeDriver
                Capabilities {acceptInsecureCerts: false, browserName: chrome, browserVersion: 114.0.5735.199, chrome:
                {chromedriverVersion: 114.0.5735.90 (386bc09e8f4f..., userDataDir: C:\Users\ivan_\AppData\Loca...},
                goog:chromeOptions: {debuggerAddress: localhost:6558}, javascriptEnabled: true,
                networkConnectionEnabled: false, pageLoadStrategy: normal, platform: WINDOWS, platformName: WINDOWS,
                proxy: Proxy(), setWindowRect: true, strictFileInteractability: false, timeouts: {implicit: 0, pageLoad:
                300000, script: 30000}, unhandledPromptBehavior: dismiss and notify, webauthn:extension:credBlob: true,
                webauthn:extension:largeBlob: true, webauthn:extension:minPinLength: true, webauthn:extension:prf: true,
                webauthn:virtualAuthenticators: true}
                Session ID: 647c23829ce4d28b0cc48f4f3f5b7c15
                *** Selector info: {Using=link text, value=Without subscription}&#13;
                at java.base/jdk.internal.reflect.NativeConstructorAccessorImpl.newInstance0(Native Method)&#13;
                at
                java.base/jdk.internal.reflect.NativeConstructorAccessorImpl.newInstance(NativeConstructorAccessorImpl.java:62)&#13;
                at
                java.base/jdk.internal.reflect.DelegatingConstructorAccessorImpl.newInstance(DelegatingConstructorAccessorImpl.java:45)&#13;
                at java.base/java.lang.reflect.Constructor.newInstance(Constructor.java:490)&#13;
                at org.openqa.selenium.remote.http.W3CHttpResponseCodec.createException(W3CHttpResponseCodec.java:187)&#13;
                at org.openqa.selenium.remote.http.W3CHttpResponseCodec.decode(W3CHttpResponseCodec.java:122)&#13;
                at org.openqa.selenium.remote.http.W3CHttpResponseCodec.decode(W3CHttpResponseCodec.java:49)&#13;
                at org.openqa.selenium.remote.HttpCommandExecutor.execute(HttpCommandExecutor.java:158)&#13;
                at org.openqa.selenium.remote.service.DriverCommandExecutor.execute(DriverCommandExecutor.java:83)&#13;
                at org.openqa.selenium.remote.RemoteWebDriver.execute(RemoteWebDriver.java:552)&#13;
                at org.openqa.selenium.remote.RemoteWebDriver.findElement(RemoteWebDriver.java:323)&#13;
                at org.openqa.selenium.remote.RemoteWebDriver.findElementByLinkText(RemoteWebDriver.java:380)&#13;
                at org.openqa.selenium.By$ByLinkText.findElement(By.java:220)&#13;
                at org.openqa.selenium.remote.RemoteWebDriver.findElement(RemoteWebDriver.java:315)&#13;
                at JUnit.Dolibarr.ReadSubscription1Test.readSubscription1(ReadSubscription1Test.java:48)&#13;
                at java.base/jdk.internal.reflect.NativeMethodAccessorImpl.invoke0(Native Method)&#13;
                at java.base/jdk.internal.reflect.NativeMethodAccessorImpl.invoke(NativeMethodAccessorImpl.java:62)&#13;
                at
                java.base/jdk.internal.reflect.DelegatingMethodAccessorImpl.invoke(DelegatingMethodAccessorImpl.java:43)&#13;
                at java.base/java.lang.reflect.Method.invoke(Method.java:566)&#13;
                at org.junit.runners.model.FrameworkMethod$1.runReflectiveCall(FrameworkMethod.java:59)&#13;
                at org.junit.internal.runners.model.ReflectiveCallable.run(ReflectiveCallable.java:12)&#13;
                at org.junit.runners.model.FrameworkMethod.invokeExplosively(FrameworkMethod.java:56)&#13;
                at org.junit.internal.runners.statements.InvokeMethod.evaluate(InvokeMethod.java:17)&#13;
                at org.junit.internal.runners.statements.RunBefores.evaluate(RunBefores.java:26)&#13;
                at org.junit.internal.runners.statements.RunAfters.evaluate(RunAfters.java:27)&#13;
                at org.junit.runners.ParentRunner$3.evaluate(ParentRunner.java:306)&#13;
                at org.junit.runners.BlockJUnit4ClassRunner$1.evaluate(BlockJUnit4ClassRunner.java:100)&#13;
                at org.junit.runners.ParentRunner.runLeaf(ParentRunner.java:366)&#13;
                at org.junit.runners.BlockJUnit4ClassRunner.runChild(BlockJUnit4ClassRunner.java:103)&#13;
                at org.junit.runners.BlockJUnit4ClassRunner.runChild(BlockJUnit4ClassRunner.java:63)&#13;
                at org.junit.runners.ParentRunner$4.run(ParentRunner.java:331)&#13;
                at org.junit.runners.ParentRunner$1.schedule(ParentRunner.java:79)&#13;
                at org.junit.runners.ParentRunner.runChildren(ParentRunner.java:329)&#13;
                at org.junit.runners.ParentRunner.access$100(ParentRunner.java:66)&#13;
                at org.junit.runners.ParentRunner$2.evaluate(ParentRunner.java:293)&#13;
                at org.junit.runners.ParentRunner$3.evaluate(ParentRunner.java:306)&#13;
                at org.junit.runners.ParentRunner.run(ParentRunner.java:413)&#13;
                at org.junit.runner.JUnitCore.run(JUnitCore.java:137)&#13;
                at org.junit.runner.JUnitCore.run(JUnitCore.java:115)&#13;
                at org.junit.vintage.engine.execution.RunnerExecutor.execute(RunnerExecutor.java:43)&#13;
                at java.base/java.util.stream.ForEachOps$ForEachOp$OfRef.accept(ForEachOps.java:183)&#13;
                at java.base/java.util.stream.ReferencePipeline$3$1.accept(ReferencePipeline.java:195)&#13;
                at java.base/java.util.Iterator.forEachRemaining(Iterator.java:133)&#13;
                at java.base/java.util.Spliterators$IteratorSpliterator.forEachRemaining(Spliterators.java:1801)&#13;
                at java.base/java.util.stream.AbstractPipeline.copyInto(AbstractPipeline.java:484)&#13;
                at java.base/java.util.stream.AbstractPipeline.wrapAndCopyInto(AbstractPipeline.java:474)&#13;
                at java.base/java.util.stream.ForEachOps$ForEachOp.evaluateSequential(ForEachOps.java:150)&#13;
                at java.base/java.util.stream.ForEachOps$ForEachOp$OfRef.evaluateSequential(ForEachOps.java:173)&#13;
                at java.base/java.util.stream.AbstractPipeline.evaluate(AbstractPipeline.java:234)&#13;
                at java.base/java.util.stream.ReferencePipeline.forEach(ReferencePipeline.java:497)&#13;
                at org.junit.vintage.engine.VintageTestEngine.executeAllChildren(VintageTestEngine.java:82)&#13;
                at org.junit.vintage.engine.VintageTestEngine.execute(VintageTestEngine.java:73)&#13;
                at
                org.junit.platform.launcher.core.EngineExecutionOrchestrator.execute(EngineExecutionOrchestrator.java:108)&#13;
                at
                org.junit.platform.launcher.core.EngineExecutionOrchestrator.execute(EngineExecutionOrchestrator.java:88)&#13;
                at
                org.junit.platform.launcher.core.EngineExecutionOrchestrator.lambda$execute$0(EngineExecutionOrchestrator.java:54)&#13;
                at
                org.junit.platform.launcher.core.EngineExecutionOrchestrator.withInterceptedStreams(EngineExecutionOrchestrator.java:67)&#13;
                at
                org.junit.platform.launcher.core.EngineExecutionOrchestrator.execute(EngineExecutionOrchestrator.java:52)&#13;
                at org.junit.platform.launcher.core.DefaultLauncher.execute(DefaultLauncher.java:96)&#13;
                at org.junit.platform.launcher.core.DefaultLauncher.execute(DefaultLauncher.java:75)&#13;
                at com.intellij.junit5.JUnit5IdeaTestRunner.startRunnerWithArgs(JUnit5IdeaTestRunner.java:71)&#13;
                at com.intellij.rt.junit.IdeaTestRunner$Repeater.startRunnerWithArgs(IdeaTestRunner.java:33)&#13;
                at com.intellij.rt.junit.JUnitStarter.prepareStreamsAndStart(JUnitStarter.java:221)&#13;
                at com.intellij.rt.junit.JUnitStarter.main(JUnitStarter.java:54)&#13;
            </output>
        </test>
    </suite>
    <suite duration="3641" locationUrl="java:suite://JUnit.Dolibarr.UpdateStyle1Test" name="UpdateStyle1Test" status="passed">
        <test duration="3641" locationUrl="java:test://JUnit.Dolibarr.UpdateStyle1Test/updateStyle1" name="updateStyle1" metainfo="" status="passed">
            <output type="stderr">Starting ChromeDriver 114.0.5735.90 (386bc09e8f4f2e025eddae123f36f6263096ae49-refs/branch-heads/5735@{#1052}) on port 7101
Only local connections are allowed.
Please see https://chromedriver.chromium.org/security-considerations for suggestions on keeping ChromeDriver safe.
ChromeDriver was started successfully.
lug 05, 2023 10:50:26 AM org.openqa.selenium.remote.ProtocolHandshake createSession
INFO: Detected dialect: W3C
</output>
        </test>
    </suite>
    <suite duration="2882" locationUrl="java:suite://JUnit.Dolibarr.UpdateTax1Test" name="UpdateTax1Test" status="error">
        <test duration="2882" locationUrl="java:test://JUnit.Dolibarr.UpdateTax1Test/updateTax1" name="updateTax1" metainfo="" status="error">
            <output type="stderr">Starting ChromeDriver 114.0.5735.90
                (386bc09e8f4f2e025eddae123f36f6263096ae49-refs/branch-heads/5735@{#1052}) on port 48812
                Only local connections are allowed.
                Please see https://chromedriver.chromium.org/security-considerations for suggestions on keeping
                ChromeDriver safe.
                ChromeDriver was started successfully.
                lug 05, 2023 10:50:30 AM org.openqa.selenium.remote.ProtocolHandshake createSession
                INFO: Detected dialect: W3C
                org.openqa.selenium.NoSuchElementException: no such element: Unable to locate element: {&amp;quot;method&amp;quot;:&amp;quot;xpath&amp;quot;,&amp;quot;selector&amp;quot;:&amp;quot;//table[7]/tbody/tr/td[@width]&amp;quot;}
                (Session info: chrome=114.0.5735.199)
                For documentation on this error, please visit:
                https://www.seleniumhq.org/exceptions/no_such_element.html
                Build info: version: &amp;#39;3.141.59&amp;#39;, revision: &amp;#39;e82be7d358&amp;#39;, time: &amp;#39;2018-11-14T08:17:03&amp;#39;
                System info: host: &amp;#39;DESKTOP-42AP7HA&amp;#39;, ip: &amp;#39;172.22.128.1&amp;#39;, os.name: &amp;#39;Windows
                10&amp;#39;, os.arch: &amp;#39;amd64&amp;#39;, os.version: &amp;#39;10.0&amp;#39;, java.version: &amp;#39;11.0.12&amp;#39;
                Driver info: org.openqa.selenium.chrome.ChromeDriver
                Capabilities {acceptInsecureCerts: false, browserName: chrome, browserVersion: 114.0.5735.199, chrome:
                {chromedriverVersion: 114.0.5735.90 (386bc09e8f4f..., userDataDir: C:\Users\ivan_\AppData\Loca...},
                goog:chromeOptions: {debuggerAddress: localhost:6603}, javascriptEnabled: true,
                networkConnectionEnabled: false, pageLoadStrategy: normal, platform: WINDOWS, platformName: WINDOWS,
                proxy: Proxy(), setWindowRect: true, strictFileInteractability: false, timeouts: {implicit: 0, pageLoad:
                300000, script: 30000}, unhandledPromptBehavior: dismiss and notify, webauthn:extension:credBlob: true,
                webauthn:extension:largeBlob: true, webauthn:extension:minPinLength: true, webauthn:extension:prf: true,
                webauthn:virtualAuthenticators: true}
                Session ID: 434bbd53ab8018416c959079f4f39657
                *** Selector info: {Using=xpath, value=//table[7]/tbody/tr/td[@width]}&#13;
                at java.base/jdk.internal.reflect.NativeConstructorAccessorImpl.newInstance0(Native Method)&#13;
                at
                java.base/jdk.internal.reflect.NativeConstructorAccessorImpl.newInstance(NativeConstructorAccessorImpl.java:62)&#13;
                at
                java.base/jdk.internal.reflect.DelegatingConstructorAccessorImpl.newInstance(DelegatingConstructorAccessorImpl.java:45)&#13;
                at java.base/java.lang.reflect.Constructor.newInstance(Constructor.java:490)&#13;
                at org.openqa.selenium.remote.http.W3CHttpResponseCodec.createException(W3CHttpResponseCodec.java:187)&#13;
                at org.openqa.selenium.remote.http.W3CHttpResponseCodec.decode(W3CHttpResponseCodec.java:122)&#13;
                at org.openqa.selenium.remote.http.W3CHttpResponseCodec.decode(W3CHttpResponseCodec.java:49)&#13;
                at org.openqa.selenium.remote.HttpCommandExecutor.execute(HttpCommandExecutor.java:158)&#13;
                at org.openqa.selenium.remote.service.DriverCommandExecutor.execute(DriverCommandExecutor.java:83)&#13;
                at org.openqa.selenium.remote.RemoteWebDriver.execute(RemoteWebDriver.java:552)&#13;
                at org.openqa.selenium.remote.RemoteWebDriver.findElement(RemoteWebDriver.java:323)&#13;
                at org.openqa.selenium.remote.RemoteWebDriver.findElementByXPath(RemoteWebDriver.java:428)&#13;
                at org.openqa.selenium.By$ByXPath.findElement(By.java:353)&#13;
                at org.openqa.selenium.remote.RemoteWebDriver.findElement(RemoteWebDriver.java:315)&#13;
                at JUnit.Dolibarr.UpdateTax1Test.updateTax1(UpdateTax1Test.java:50)&#13;
                at java.base/jdk.internal.reflect.NativeMethodAccessorImpl.invoke0(Native Method)&#13;
                at java.base/jdk.internal.reflect.NativeMethodAccessorImpl.invoke(NativeMethodAccessorImpl.java:62)&#13;
                at
                java.base/jdk.internal.reflect.DelegatingMethodAccessorImpl.invoke(DelegatingMethodAccessorImpl.java:43)&#13;
                at java.base/java.lang.reflect.Method.invoke(Method.java:566)&#13;
                at org.junit.runners.model.FrameworkMethod$1.runReflectiveCall(FrameworkMethod.java:59)&#13;
                at org.junit.internal.runners.model.ReflectiveCallable.run(ReflectiveCallable.java:12)&#13;
                at org.junit.runners.model.FrameworkMethod.invokeExplosively(FrameworkMethod.java:56)&#13;
                at org.junit.internal.runners.statements.InvokeMethod.evaluate(InvokeMethod.java:17)&#13;
                at org.junit.internal.runners.statements.RunBefores.evaluate(RunBefores.java:26)&#13;
                at org.junit.internal.runners.statements.RunAfters.evaluate(RunAfters.java:27)&#13;
                at org.junit.runners.ParentRunner$3.evaluate(ParentRunner.java:306)&#13;
                at org.junit.runners.BlockJUnit4ClassRunner$1.evaluate(BlockJUnit4ClassRunner.java:100)&#13;
                at org.junit.runners.ParentRunner.runLeaf(ParentRunner.java:366)&#13;
                at org.junit.runners.BlockJUnit4ClassRunner.runChild(BlockJUnit4ClassRunner.java:103)&#13;
                at org.junit.runners.BlockJUnit4ClassRunner.runChild(BlockJUnit4ClassRunner.java:63)&#13;
                at org.junit.runners.ParentRunner$4.run(ParentRunner.java:331)&#13;
                at org.junit.runners.ParentRunner$1.schedule(ParentRunner.java:79)&#13;
                at org.junit.runners.ParentRunner.runChildren(ParentRunner.java:329)&#13;
                at org.junit.runners.ParentRunner.access$100(ParentRunner.java:66)&#13;
                at org.junit.runners.ParentRunner$2.evaluate(ParentRunner.java:293)&#13;
                at org.junit.runners.ParentRunner$3.evaluate(ParentRunner.java:306)&#13;
                at org.junit.runners.ParentRunner.run(ParentRunner.java:413)&#13;
                at org.junit.runner.JUnitCore.run(JUnitCore.java:137)&#13;
                at org.junit.runner.JUnitCore.run(JUnitCore.java:115)&#13;
                at org.junit.vintage.engine.execution.RunnerExecutor.execute(RunnerExecutor.java:43)&#13;
                at java.base/java.util.stream.ForEachOps$ForEachOp$OfRef.accept(ForEachOps.java:183)&#13;
                at java.base/java.util.stream.ReferencePipeline$3$1.accept(ReferencePipeline.java:195)&#13;
                at java.base/java.util.Iterator.forEachRemaining(Iterator.java:133)&#13;
                at java.base/java.util.Spliterators$IteratorSpliterator.forEachRemaining(Spliterators.java:1801)&#13;
                at java.base/java.util.stream.AbstractPipeline.copyInto(AbstractPipeline.java:484)&#13;
                at java.base/java.util.stream.AbstractPipeline.wrapAndCopyInto(AbstractPipeline.java:474)&#13;
                at java.base/java.util.stream.ForEachOps$ForEachOp.evaluateSequential(ForEachOps.java:150)&#13;
                at java.base/java.util.stream.ForEachOps$ForEachOp$OfRef.evaluateSequential(ForEachOps.java:173)&#13;
                at java.base/java.util.stream.AbstractPipeline.evaluate(AbstractPipeline.java:234)&#13;
                at java.base/java.util.stream.ReferencePipeline.forEach(ReferencePipeline.java:497)&#13;
                at org.junit.vintage.engine.VintageTestEngine.executeAllChildren(VintageTestEngine.java:82)&#13;
                at org.junit.vintage.engine.VintageTestEngine.execute(VintageTestEngine.java:73)&#13;
                at
                org.junit.platform.launcher.core.EngineExecutionOrchestrator.execute(EngineExecutionOrchestrator.java:108)&#13;
                at
                org.junit.platform.launcher.core.EngineExecutionOrchestrator.execute(EngineExecutionOrchestrator.java:88)&#13;
                at
                org.junit.platform.launcher.core.EngineExecutionOrchestrator.lambda$execute$0(EngineExecutionOrchestrator.java:54)&#13;
                at
                org.junit.platform.launcher.core.EngineExecutionOrchestrator.withInterceptedStreams(EngineExecutionOrchestrator.java:67)&#13;
                at
                org.junit.platform.launcher.core.EngineExecutionOrchestrator.execute(EngineExecutionOrchestrator.java:52)&#13;
                at org.junit.platform.launcher.core.DefaultLauncher.execute(DefaultLauncher.java:96)&#13;
                at org.junit.platform.launcher.core.DefaultLauncher.execute(DefaultLauncher.java:75)&#13;
                at com.intellij.junit5.JUnit5IdeaTestRunner.startRunnerWithArgs(JUnit5IdeaTestRunner.java:71)&#13;
                at com.intellij.rt.junit.IdeaTestRunner$Repeater.startRunnerWithArgs(IdeaTestRunner.java:33)&#13;
                at com.intellij.rt.junit.JUnitStarter.prepareStreamsAndStart(JUnitStarter.java:221)&#13;
                at com.intellij.rt.junit.JUnitStarter.main(JUnitStarter.java:54)&#13;
            </output>
        </test>
    </suite>
    <suite duration="3394" locationUrl="java:suite://JUnit.Dolibarr.UpdateUser1Test" name="UpdateUser1Test" status="passed">
        <test duration="3394" locationUrl="java:test://JUnit.Dolibarr.UpdateUser1Test/updateUser1" name="updateUser1" metainfo="" status="passed">
            <output type="stderr">Starting ChromeDriver 114.0.5735.90 (386bc09e8f4f2e025eddae123f36f6263096ae49-refs/branch-heads/5735@{#1052}) on port 11659
Only local connections are allowed.
Please see https://chromedriver.chromium.org/security-considerations for suggestions on keeping ChromeDriver safe.
ChromeDriver was started successfully.
lug 05, 2023 10:50:32 AM org.openqa.selenium.remote.ProtocolHandshake createSession
INFO: Detected dialect: W3C
</output>
        </test>
    </suite>
    <suite duration="2960" locationUrl="java:suite://JUnit.Dolibarr.UpdateValidityFile1Test" name="UpdateValidityFile1Test" status="error">
        <test duration="2960" locationUrl="java:test://JUnit.Dolibarr.UpdateValidityFile1Test/updateValidityFile1" name="updateValidityFile1" metainfo="" status="error">
            <output type="stderr">Starting ChromeDriver 114.0.5735.90
                (386bc09e8f4f2e025eddae123f36f6263096ae49-refs/branch-heads/5735@{#1052}) on port 26252
                Only local connections are allowed.
                Please see https://chromedriver.chromium.org/security-considerations for suggestions on keeping
                ChromeDriver safe.
                ChromeDriver was started successfully.
                lug 05, 2023 10:50:36 AM org.openqa.selenium.remote.ProtocolHandshake createSession
                INFO: Detected dialect: W3C
                org.openqa.selenium.NoSuchElementException: no such element: Unable to locate element: {&amp;quot;method&amp;quot;:&amp;quot;css
                selector&amp;quot;,&amp;quot;selector&amp;quot;:&amp;quot;input:nth-child(7)&amp;quot;}
                (Session info: chrome=114.0.5735.199)
                For documentation on this error, please visit:
                https://www.seleniumhq.org/exceptions/no_such_element.html
                Build info: version: &amp;#39;3.141.59&amp;#39;, revision: &amp;#39;e82be7d358&amp;#39;, time: &amp;#39;2018-11-14T08:17:03&amp;#39;
                System info: host: &amp;#39;DESKTOP-42AP7HA&amp;#39;, ip: &amp;#39;172.22.128.1&amp;#39;, os.name: &amp;#39;Windows
                10&amp;#39;, os.arch: &amp;#39;amd64&amp;#39;, os.version: &amp;#39;10.0&amp;#39;, java.version: &amp;#39;11.0.12&amp;#39;
                Driver info: org.openqa.selenium.chrome.ChromeDriver
                Capabilities {acceptInsecureCerts: false, browserName: chrome, browserVersion: 114.0.5735.199, chrome:
                {chromedriverVersion: 114.0.5735.90 (386bc09e8f4f..., userDataDir: C:\Users\ivan_\AppData\Loca...},
                goog:chromeOptions: {debuggerAddress: localhost:6647}, javascriptEnabled: true,
                networkConnectionEnabled: false, pageLoadStrategy: normal, platform: WINDOWS, platformName: WINDOWS,
                proxy: Proxy(), setWindowRect: true, strictFileInteractability: false, timeouts: {implicit: 0, pageLoad:
                300000, script: 30000}, unhandledPromptBehavior: dismiss and notify, webauthn:extension:credBlob: true,
                webauthn:extension:largeBlob: true, webauthn:extension:minPinLength: true, webauthn:extension:prf: true,
                webauthn:virtualAuthenticators: true}
                Session ID: 0f8873bb9fedb23b7cc5c781e4b35053
                *** Selector info: {Using=css selector, value=input:nth-child(7)}&#13;
                at java.base/jdk.internal.reflect.NativeConstructorAccessorImpl.newInstance0(Native Method)&#13;
                at
                java.base/jdk.internal.reflect.NativeConstructorAccessorImpl.newInstance(NativeConstructorAccessorImpl.java:62)&#13;
                at
                java.base/jdk.internal.reflect.DelegatingConstructorAccessorImpl.newInstance(DelegatingConstructorAccessorImpl.java:45)&#13;
                at java.base/java.lang.reflect.Constructor.newInstance(Constructor.java:490)&#13;
                at org.openqa.selenium.remote.http.W3CHttpResponseCodec.createException(W3CHttpResponseCodec.java:187)&#13;
                at org.openqa.selenium.remote.http.W3CHttpResponseCodec.decode(W3CHttpResponseCodec.java:122)&#13;
                at org.openqa.selenium.remote.http.W3CHttpResponseCodec.decode(W3CHttpResponseCodec.java:49)&#13;
                at org.openqa.selenium.remote.HttpCommandExecutor.execute(HttpCommandExecutor.java:158)&#13;
                at org.openqa.selenium.remote.service.DriverCommandExecutor.execute(DriverCommandExecutor.java:83)&#13;
                at org.openqa.selenium.remote.RemoteWebDriver.execute(RemoteWebDriver.java:552)&#13;
                at org.openqa.selenium.remote.RemoteWebDriver.findElement(RemoteWebDriver.java:323)&#13;
                at org.openqa.selenium.remote.RemoteWebDriver.findElementByCssSelector(RemoteWebDriver.java:420)&#13;
                at org.openqa.selenium.By$ByCssSelector.findElement(By.java:431)&#13;
                at org.openqa.selenium.remote.RemoteWebDriver.findElement(RemoteWebDriver.java:315)&#13;
                at JUnit.Dolibarr.UpdateValidityFile1Test.updateValidityFile1(UpdateValidityFile1Test.java:52)&#13;
                at java.base/jdk.internal.reflect.NativeMethodAccessorImpl.invoke0(Native Method)&#13;
                at java.base/jdk.internal.reflect.NativeMethodAccessorImpl.invoke(NativeMethodAccessorImpl.java:62)&#13;
                at
                java.base/jdk.internal.reflect.DelegatingMethodAccessorImpl.invoke(DelegatingMethodAccessorImpl.java:43)&#13;
                at java.base/java.lang.reflect.Method.invoke(Method.java:566)&#13;
                at org.junit.runners.model.FrameworkMethod$1.runReflectiveCall(FrameworkMethod.java:59)&#13;
                at org.junit.internal.runners.model.ReflectiveCallable.run(ReflectiveCallable.java:12)&#13;
                at org.junit.runners.model.FrameworkMethod.invokeExplosively(FrameworkMethod.java:56)&#13;
                at org.junit.internal.runners.statements.InvokeMethod.evaluate(InvokeMethod.java:17)&#13;
                at org.junit.internal.runners.statements.RunBefores.evaluate(RunBefores.java:26)&#13;
                at org.junit.internal.runners.statements.RunAfters.evaluate(RunAfters.java:27)&#13;
                at org.junit.runners.ParentRunner$3.evaluate(ParentRunner.java:306)&#13;
                at org.junit.runners.BlockJUnit4ClassRunner$1.evaluate(BlockJUnit4ClassRunner.java:100)&#13;
                at org.junit.runners.ParentRunner.runLeaf(ParentRunner.java:366)&#13;
                at org.junit.runners.BlockJUnit4ClassRunner.runChild(BlockJUnit4ClassRunner.java:103)&#13;
                at org.junit.runners.BlockJUnit4ClassRunner.runChild(BlockJUnit4ClassRunner.java:63)&#13;
                at org.junit.runners.ParentRunner$4.run(ParentRunner.java:331)&#13;
                at org.junit.runners.ParentRunner$1.schedule(ParentRunner.java:79)&#13;
                at org.junit.runners.ParentRunner.runChildren(ParentRunner.java:329)&#13;
                at org.junit.runners.ParentRunner.access$100(ParentRunner.java:66)&#13;
                at org.junit.runners.ParentRunner$2.evaluate(ParentRunner.java:293)&#13;
                at org.junit.runners.ParentRunner$3.evaluate(ParentRunner.java:306)&#13;
                at org.junit.runners.ParentRunner.run(ParentRunner.java:413)&#13;
                at org.junit.runner.JUnitCore.run(JUnitCore.java:137)&#13;
                at org.junit.runner.JUnitCore.run(JUnitCore.java:115)&#13;
                at org.junit.vintage.engine.execution.RunnerExecutor.execute(RunnerExecutor.java:43)&#13;
                at java.base/java.util.stream.ForEachOps$ForEachOp$OfRef.accept(ForEachOps.java:183)&#13;
                at java.base/java.util.stream.ReferencePipeline$3$1.accept(ReferencePipeline.java:195)&#13;
                at java.base/java.util.Iterator.forEachRemaining(Iterator.java:133)&#13;
                at java.base/java.util.Spliterators$IteratorSpliterator.forEachRemaining(Spliterators.java:1801)&#13;
                at java.base/java.util.stream.AbstractPipeline.copyInto(AbstractPipeline.java:484)&#13;
                at java.base/java.util.stream.AbstractPipeline.wrapAndCopyInto(AbstractPipeline.java:474)&#13;
                at java.base/java.util.stream.ForEachOps$ForEachOp.evaluateSequential(ForEachOps.java:150)&#13;
                at java.base/java.util.stream.ForEachOps$ForEachOp$OfRef.evaluateSequential(ForEachOps.java:173)&#13;
                at java.base/java.util.stream.AbstractPipeline.evaluate(AbstractPipeline.java:234)&#13;
                at java.base/java.util.stream.ReferencePipeline.forEach(ReferencePipeline.java:497)&#13;
                at org.junit.vintage.engine.VintageTestEngine.executeAllChildren(VintageTestEngine.java:82)&#13;
                at org.junit.vintage.engine.VintageTestEngine.execute(VintageTestEngine.java:73)&#13;
                at
                org.junit.platform.launcher.core.EngineExecutionOrchestrator.execute(EngineExecutionOrchestrator.java:108)&#13;
                at
                org.junit.platform.launcher.core.EngineExecutionOrchestrator.execute(EngineExecutionOrchestrator.java:88)&#13;
                at
                org.junit.platform.launcher.core.EngineExecutionOrchestrator.lambda$execute$0(EngineExecutionOrchestrator.java:54)&#13;
                at
                org.junit.platform.launcher.core.EngineExecutionOrchestrator.withInterceptedStreams(EngineExecutionOrchestrator.java:67)&#13;
                at
                org.junit.platform.launcher.core.EngineExecutionOrchestrator.execute(EngineExecutionOrchestrator.java:52)&#13;
                at org.junit.platform.launcher.core.DefaultLauncher.execute(DefaultLauncher.java:96)&#13;
                at org.junit.platform.launcher.core.DefaultLauncher.execute(DefaultLauncher.java:75)&#13;
                at com.intellij.junit5.JUnit5IdeaTestRunner.startRunnerWithArgs(JUnit5IdeaTestRunner.java:71)&#13;
                at com.intellij.rt.junit.IdeaTestRunner$Repeater.startRunnerWithArgs(IdeaTestRunner.java:33)&#13;
                at com.intellij.rt.junit.JUnitStarter.prepareStreamsAndStart(JUnitStarter.java:221)&#13;
                at com.intellij.rt.junit.JUnitStarter.main(JUnitStarter.java:54)&#13;
            </output>
        </test>
    </suite>
</testrun>
