<?xml version="1.0" encoding="UTF-8"?><testrun duration="82017" footerText="Generated by IntelliJ IDEA on 05/07/23, 13:30" name="JUnit.MantisBT Tests">
    <count name="total" value="15"/>
    <count name="error" value="2"/>
    <count name="failed" value="1"/>
    <count name="passed" value="12"/>
    <config configId="JUnit" name="JUnit.MantisBT Tests">
        <module name="FragilitySentry"/>
        <option name="MAIN_CLASS_NAME" value=""/>
        <option name="METHOD_NAME" value=""/>
        <option name="TEST_OBJECT" value="pattern"/>
        <patterns>
            <pattern testClass="JUnit.MantisBT.AddTag1Test"/>
            <pattern testClass="JUnit.MantisBT.aStopFilter1Test"/>
            <pattern testClass="JUnit.MantisBT.CreateFilter1Test"/>
            <pattern testClass="JUnit.MantisBT.CreateNote1Test"/>
            <pattern testClass="JUnit.MantisBT.CreateProject1Test"/>
            <pattern testClass="JUnit.MantisBT.CreateReport1Test"/>
            <pattern testClass="JUnit.MantisBT.CreateTag1Test"/>
            <pattern testClass="JUnit.MantisBT.CreateUser1Test"/>
            <pattern testClass="JUnit.MantisBT.ReadAdminInfo1Test"/>
            <pattern testClass="JUnit.MantisBT.UpdateUserInfo1Test"/>
            <pattern testClass="JUnit.MantisBT.UpdateWorkflow1Test"/>
            <pattern testClass="JUnit.MantisBT.zDeleteNote1Test"/>
            <pattern testClass="JUnit.MantisBT.zDeleteUser1Test"/>
            <pattern testClass="JUnit.MantisBT.zDeleteReport1Test"/>
            <pattern testClass="JUnit.MantisBT.zDeleteProject1Test"/>
        </patterns>
        <method v="2">
            <option name="Make" enabled="true"/>
        </method>
    </config>
    <root name="&lt;default package&gt;" location="java:suite://&lt;default package&gt;">
        <output type="stdout">&amp;quot;C:\Program Files\Java\jdk-11.0.12\bin\java.exe&amp;quot; -ea -Didea.test.cyclic.buffer.size=1048576 &amp;quot;-javaagent:C:\Program Files\JetBrains\IntelliJ IDEA 2021.1.2\lib\idea_rt.jar=10904:C:\Program Files\JetBrains\IntelliJ IDEA 2021.1.2\bin&amp;quot; -Dfile.encoding=UTF-8 -classpath &amp;quot;C:\Program Files\JetBrains\IntelliJ IDEA 2021.1.2\lib\idea_rt.jar;C:\Users\ivan_\.m2\repository\org\junit\platform\junit-platform-launcher\1.7.0\junit-platform-launcher-1.7.0.jar;C:\Users\ivan_\.m2\repository\org\junit\platform\junit-platform-engine\1.7.0\junit-platform-engine-1.7.0.jar;C:\Users\ivan_\.m2\repository\org\junit\jupiter\junit-jupiter-engine\5.7.0\junit-jupiter-engine-5.7.0.jar;C:\Users\ivan_\.m2\repository\org\junit\vintage\junit-vintage-engine\5.7.0\junit-vintage-engine-5.7.0.jar;C:\Program Files\JetBrains\IntelliJ IDEA 2021.1.2\plugins\junit\lib\junit5-rt.jar;C:\Program Files\JetBrains\IntelliJ IDEA 2021.1.2\plugins\junit\lib\junit-rt.jar;C:\Users\ivan_\Documents\FragilitySentry\target\test-classes;C:\Users\ivan_\Documents\FragilitySentry\target\classes;C:\Users\ivan_\.m2\repository\org\seleniumhq\selenium\selenium-api\3.141.59\selenium-api-3.141.59.jar;C:\Users\ivan_\.m2\repository\org\seleniumhq\selenium\selenium-chrome-driver\3.141.59\selenium-chrome-driver-3.141.59.jar;C:\Users\ivan_\.m2\repository\org\seleniumhq\selenium\selenium-remote-driver\3.141.59\selenium-remote-driver-3.141.59.jar;C:\Users\ivan_\.m2\repository\net\bytebuddy\byte-buddy\1.8.15\byte-buddy-1.8.15.jar;C:\Users\ivan_\.m2\repository\org\apache\commons\commons-exec\1.3\commons-exec-1.3.jar;C:\Users\ivan_\.m2\repository\com\google\guava\guava\25.0-jre\guava-25.0-jre.jar;C:\Users\ivan_\.m2\repository\com\google\code\findbugs\jsr305\1.3.9\jsr305-1.3.9.jar;C:\Users\ivan_\.m2\repository\org\checkerframework\checker-compat-qual\2.0.0\checker-compat-qual-2.0.0.jar;C:\Users\ivan_\.m2\repository\com\google\errorprone\error_prone_annotations\2.1.3\error_prone_annotations-2.1.3.jar;C:\Users\ivan_\.m2\repository\com\google\j2objc\j2objc-annotations\1.1\j2objc-annotations-1.1.jar;C:\Users\ivan_\.m2\repository\org\codehaus\mojo\animal-sniffer-annotations\1.14\animal-sniffer-annotations-1.14.jar;C:\Users\ivan_\.m2\repository\com\squareup\okhttp3\okhttp\3.11.0\okhttp-3.11.0.jar;C:\Users\ivan_\.m2\repository\com\squareup\okio\okio\1.14.0\okio-1.14.0.jar;C:\Users\ivan_\.m2\repository\junit\junit\4.13.2\junit-4.13.2.jar;C:\Users\ivan_\.m2\repository\org\hamcrest\hamcrest-core\1.3\hamcrest-core-1.3.jar;C:\Users\ivan_\.m2\repository\org\seleniumhq\selenium\selenium-firefox-driver\3.141.59\selenium-firefox-driver-3.141.59.jar;C:\Users\ivan_\.m2\repository\org\seleniumhq\selenium\selenium-support\3.141.59\selenium-support-3.141.59.jar;C:\Users\ivan_\.m2\repository\org\junit\jupiter\junit-jupiter-params\5.7.0\junit-jupiter-params-5.7.0.jar;C:\Users\ivan_\.m2\repository\org\apiguardian\apiguardian-api\1.1.0\apiguardian-api-1.1.0.jar;C:\Users\ivan_\.m2\repository\org\junit\jupiter\junit-jupiter-api\5.7.0\junit-jupiter-api-5.7.0.jar;C:\Users\ivan_\.m2\repository\org\opentest4j\opentest4j\1.2.0\opentest4j-1.2.0.jar;C:\Users\ivan_\.m2\repository\org\junit\platform\junit-platform-commons\1.7.0\junit-platform-commons-1.7.0.jar&amp;quot; com.intellij.rt.junit.JUnitStarter -ideVersion5 -junit5 @w@C:\Users\ivan_\AppData\Local\Temp\idea_working_dirs_junit.tmp @C:\Users\ivan_\AppData\Local\Temp\idea_junit.tmp -socket10903
Process finished with exit code -1
</output>
    </root>
    <suite duration="4736" locationUrl="java:suite://JUnit.MantisBT.AddTag1Test" name="AddTag1Test" status="passed">
        <test duration="4736" locationUrl="java:test://JUnit.MantisBT.AddTag1Test/addTag1" name="addTag1" metainfo="" status="passed">
            <output type="stderr">Starting ChromeDriver 114.0.5735.90 (386bc09e8f4f2e025eddae123f36f6263096ae49-refs/branch-heads/5735@{#1052}) on port 31738
Only local connections are allowed.
Please see https://chromedriver.chromium.org/security-considerations for suggestions on keeping ChromeDriver safe.
ChromeDriver was started successfully.
lug 05, 2023 1:28:37 PM org.openqa.selenium.remote.ProtocolHandshake createSession
INFO: Detected dialect: W3C
</output>
        </test>
    </suite>
    <suite duration="8763" locationUrl="java:suite://JUnit.MantisBT.aStopFilter1Test" name="StopFilter1Test" status="passed">
        <test duration="8763" locationUrl="java:test://JUnit.MantisBT.StopFilter1Test/stopFilter1" name="stopFilter1" metainfo="" status="passed">
            <output type="stderr">Starting ChromeDriver 114.0.5735.90 (386bc09e8f4f2e025eddae123f36f6263096ae49-refs/branch-heads/5735@{#1052}) on port 16139
Only local connections are allowed.
Please see https://chromedriver.chromium.org/security-considerations for suggestions on keeping ChromeDriver safe.
ChromeDriver was started successfully.
lug 05, 2023 1:28:41 PM org.openqa.selenium.remote.ProtocolHandshake createSession
INFO: Detected dialect: W3C
</output>
        </test>
    </suite>
    <suite duration="7021" locationUrl="java:suite://JUnit.MantisBT.CreateFilter1Test" name="CreateFilter1Test" status="passed">
        <test duration="7021" locationUrl="java:test://JUnit.MantisBT.CreateFilter1Test/createFilter1" name="createFilter1" metainfo="" status="passed">
            <output type="stderr">Starting ChromeDriver 114.0.5735.90 (386bc09e8f4f2e025eddae123f36f6263096ae49-refs/branch-heads/5735@{#1052}) on port 1197
Only local connections are allowed.
Please see https://chromedriver.chromium.org/security-considerations for suggestions on keeping ChromeDriver safe.
ChromeDriver was started successfully.
lug 05, 2023 1:28:50 PM org.openqa.selenium.remote.ProtocolHandshake createSession
INFO: Detected dialect: W3C
lug 05, 2023 1:28:54 PM org.openqa.selenium.interactions.Actions moveToElement
INFO: When using the W3C Action commands, offsets are from the center of element
</output>
        </test>
    </suite>
    <suite duration="4287" locationUrl="java:suite://JUnit.MantisBT.CreateNote1Test" name="CreateNote1Test" status="passed">
        <test duration="4287" locationUrl="java:test://JUnit.MantisBT.CreateNote1Test/createNote1" name="createNote1" metainfo="" status="passed">
            <output type="stderr">Starting ChromeDriver 114.0.5735.90 (386bc09e8f4f2e025eddae123f36f6263096ae49-refs/branch-heads/5735@{#1052}) on port 16160
Only local connections are allowed.
Please see https://chromedriver.chromium.org/security-considerations for suggestions on keeping ChromeDriver safe.
ChromeDriver was started successfully.
lug 05, 2023 1:28:57 PM org.openqa.selenium.remote.ProtocolHandshake createSession
INFO: Detected dialect: W3C
</output>
        </test>
    </suite>
    <suite duration="3966" locationUrl="java:suite://JUnit.MantisBT.CreateProject1Test" name="CreateProject1Test" status="passed">
        <test duration="3966" locationUrl="java:test://JUnit.MantisBT.CreateProject1Test/createProject1" name="createProject1" metainfo="" status="passed">
            <output type="stderr">Starting ChromeDriver 114.0.5735.90 (386bc09e8f4f2e025eddae123f36f6263096ae49-refs/branch-heads/5735@{#1052}) on port 11773
Only local connections are allowed.
Please see https://chromedriver.chromium.org/security-considerations for suggestions on keeping ChromeDriver safe.
ChromeDriver was started successfully.
lug 05, 2023 1:29:01 PM org.openqa.selenium.remote.ProtocolHandshake createSession
INFO: Detected dialect: W3C
</output>
        </test>
    </suite>
    <suite duration="5816" locationUrl="java:suite://JUnit.MantisBT.CreateReport1Test" name="CreateReport1Test" status="passed">
        <test duration="5816" locationUrl="java:test://JUnit.MantisBT.CreateReport1Test/createReport1" name="createReport1" metainfo="" status="passed">
            <output type="stderr">Starting ChromeDriver 114.0.5735.90 (386bc09e8f4f2e025eddae123f36f6263096ae49-refs/branch-heads/5735@{#1052}) on port 3066
Only local connections are allowed.
Please see https://chromedriver.chromium.org/security-considerations for suggestions on keeping ChromeDriver safe.
ChromeDriver was started successfully.
lug 05, 2023 1:29:05 PM org.openqa.selenium.remote.ProtocolHandshake createSession
INFO: Detected dialect: W3C
</output>
        </test>
    </suite>
    <suite duration="5473" locationUrl="java:suite://JUnit.MantisBT.CreateTag1Test" name="CreateTag1Test" status="passed">
        <test duration="5473" locationUrl="java:test://JUnit.MantisBT.CreateTag1Test/createTag1" name="createTag1" metainfo="" status="passed">
            <output type="stderr">Starting ChromeDriver 114.0.5735.90 (386bc09e8f4f2e025eddae123f36f6263096ae49-refs/branch-heads/5735@{#1052}) on port 45586
Only local connections are allowed.
Please see https://chromedriver.chromium.org/security-considerations for suggestions on keeping ChromeDriver safe.
ChromeDriver was started successfully.
lug 05, 2023 1:29:11 PM org.openqa.selenium.remote.ProtocolHandshake createSession
INFO: Detected dialect: W3C
</output>
        </test>
    </suite>
    <suite duration="5014" locationUrl="java:suite://JUnit.MantisBT.CreateUser1Test" name="CreateUser1Test" status="error">
        <test duration="5014" locationUrl="java:test://JUnit.MantisBT.CreateUser1Test/createUser1" name="createUser1" metainfo="" status="error">
            <output type="stderr">Starting ChromeDriver 114.0.5735.90
                (386bc09e8f4f2e025eddae123f36f6263096ae49-refs/branch-heads/5735@{#1052}) on port 23470
                Only local connections are allowed.
                Please see https://chromedriver.chromium.org/security-considerations for suggestions on keeping
                ChromeDriver safe.
                ChromeDriver was started successfully.
                lug 05, 2023 1:29:17 PM org.openqa.selenium.remote.ProtocolHandshake createSession
                INFO: Detected dialect: W3C
                org.openqa.selenium.NoSuchElementException: no such element: Unable to locate element: {&amp;quot;method&amp;quot;:&amp;quot;xpath&amp;quot;,&amp;quot;selector&amp;quot;:&amp;quot;//button[@type=&amp;#39;submit&amp;#39;]&amp;quot;}
                (Session info: chrome=114.0.5735.199)
                For documentation on this error, please visit:
                https://www.seleniumhq.org/exceptions/no_such_element.html
                Build info: version: &amp;#39;3.141.59&amp;#39;, revision: &amp;#39;e82be7d358&amp;#39;, time: &amp;#39;2018-11-14T08:17:03&amp;#39;
                System info: host: &amp;#39;DESKTOP-42AP7HA&amp;#39;, ip: &amp;#39;172.22.128.1&amp;#39;, os.name: &amp;#39;Windows
                10&amp;#39;, os.arch: &amp;#39;amd64&amp;#39;, os.version: &amp;#39;10.0&amp;#39;, java.version: &amp;#39;11.0.12&amp;#39;
                Driver info: org.openqa.selenium.chrome.ChromeDriver
                Capabilities {acceptInsecureCerts: false, browserName: chrome, browserVersion: 114.0.5735.199, chrome:
                {chromedriverVersion: 114.0.5735.90 (386bc09e8f4f..., userDataDir: C:\Users\ivan_\AppData\Loca...},
                goog:chromeOptions: {debuggerAddress: localhost:11064}, javascriptEnabled: true,
                networkConnectionEnabled: false, pageLoadStrategy: normal, platform: WINDOWS, platformName: WINDOWS,
                proxy: Proxy(), setWindowRect: true, strictFileInteractability: false, timeouts: {implicit: 0, pageLoad:
                300000, script: 30000}, unhandledPromptBehavior: dismiss and notify, webauthn:extension:credBlob: true,
                webauthn:extension:largeBlob: true, webauthn:extension:minPinLength: true, webauthn:extension:prf: true,
                webauthn:virtualAuthenticators: true}
                Session ID: 4e4cd149880e65f32ae9754ed9e4763b
                *** Selector info: {Using=xpath, value=//button[@type=&amp;#39;submit&amp;#39;]}&#13;
                at java.base/jdk.internal.reflect.NativeConstructorAccessorImpl.newInstance0(Native Method)&#13;
                at
                java.base/jdk.internal.reflect.NativeConstructorAccessorImpl.newInstance(NativeConstructorAccessorImpl.java:62)&#13;
                at
                java.base/jdk.internal.reflect.DelegatingConstructorAccessorImpl.newInstance(DelegatingConstructorAccessorImpl.java:45)&#13;
                at java.base/java.lang.reflect.Constructor.newInstance(Constructor.java:490)&#13;
                at org.openqa.selenium.remote.http.W3CHttpResponseCodec.createException(W3CHttpResponseCodec.java:187)&#13;
                at org.openqa.selenium.remote.http.W3CHttpResponseCodec.decode(W3CHttpResponseCodec.java:122)&#13;
                at org.openqa.selenium.remote.http.W3CHttpResponseCodec.decode(W3CHttpResponseCodec.java:49)&#13;
                at org.openqa.selenium.remote.HttpCommandExecutor.execute(HttpCommandExecutor.java:158)&#13;
                at org.openqa.selenium.remote.service.DriverCommandExecutor.execute(DriverCommandExecutor.java:83)&#13;
                at org.openqa.selenium.remote.RemoteWebDriver.execute(RemoteWebDriver.java:552)&#13;
                at org.openqa.selenium.remote.RemoteWebDriver.findElement(RemoteWebDriver.java:323)&#13;
                at org.openqa.selenium.remote.RemoteWebDriver.findElementByXPath(RemoteWebDriver.java:428)&#13;
                at org.openqa.selenium.By$ByXPath.findElement(By.java:353)&#13;
                at org.openqa.selenium.remote.RemoteWebDriver.findElement(RemoteWebDriver.java:315)&#13;
                at JUnit.MantisBT.CreateUser1Test.createUser1(CreateUser1Test.java:52)&#13;
                at java.base/jdk.internal.reflect.NativeMethodAccessorImpl.invoke0(Native Method)&#13;
                at java.base/jdk.internal.reflect.NativeMethodAccessorImpl.invoke(NativeMethodAccessorImpl.java:62)&#13;
                at
                java.base/jdk.internal.reflect.DelegatingMethodAccessorImpl.invoke(DelegatingMethodAccessorImpl.java:43)&#13;
                at java.base/java.lang.reflect.Method.invoke(Method.java:566)&#13;
                at org.junit.runners.model.FrameworkMethod$1.runReflectiveCall(FrameworkMethod.java:59)&#13;
                at org.junit.internal.runners.model.ReflectiveCallable.run(ReflectiveCallable.java:12)&#13;
                at org.junit.runners.model.FrameworkMethod.invokeExplosively(FrameworkMethod.java:56)&#13;
                at org.junit.internal.runners.statements.InvokeMethod.evaluate(InvokeMethod.java:17)&#13;
                at org.junit.internal.runners.statements.RunBefores.evaluate(RunBefores.java:26)&#13;
                at org.junit.internal.runners.statements.RunAfters.evaluate(RunAfters.java:27)&#13;
                at org.junit.runners.ParentRunner$3.evaluate(ParentRunner.java:306)&#13;
                at org.junit.runners.BlockJUnit4ClassRunner$1.evaluate(BlockJUnit4ClassRunner.java:100)&#13;
                at org.junit.runners.ParentRunner.runLeaf(ParentRunner.java:366)&#13;
                at org.junit.runners.BlockJUnit4ClassRunner.runChild(BlockJUnit4ClassRunner.java:103)&#13;
                at org.junit.runners.BlockJUnit4ClassRunner.runChild(BlockJUnit4ClassRunner.java:63)&#13;
                at org.junit.runners.ParentRunner$4.run(ParentRunner.java:331)&#13;
                at org.junit.runners.ParentRunner$1.schedule(ParentRunner.java:79)&#13;
                at org.junit.runners.ParentRunner.runChildren(ParentRunner.java:329)&#13;
                at org.junit.runners.ParentRunner.access$100(ParentRunner.java:66)&#13;
                at org.junit.runners.ParentRunner$2.evaluate(ParentRunner.java:293)&#13;
                at org.junit.runners.ParentRunner$3.evaluate(ParentRunner.java:306)&#13;
                at org.junit.runners.ParentRunner.run(ParentRunner.java:413)&#13;
                at org.junit.runner.JUnitCore.run(JUnitCore.java:137)&#13;
                at org.junit.runner.JUnitCore.run(JUnitCore.java:115)&#13;
                at org.junit.vintage.engine.execution.RunnerExecutor.execute(RunnerExecutor.java:43)&#13;
                at java.base/java.util.stream.ForEachOps$ForEachOp$OfRef.accept(ForEachOps.java:183)&#13;
                at java.base/java.util.stream.ReferencePipeline$3$1.accept(ReferencePipeline.java:195)&#13;
                at java.base/java.util.Iterator.forEachRemaining(Iterator.java:133)&#13;
                at java.base/java.util.Spliterators$IteratorSpliterator.forEachRemaining(Spliterators.java:1801)&#13;
                at java.base/java.util.stream.AbstractPipeline.copyInto(AbstractPipeline.java:484)&#13;
                at java.base/java.util.stream.AbstractPipeline.wrapAndCopyInto(AbstractPipeline.java:474)&#13;
                at java.base/java.util.stream.ForEachOps$ForEachOp.evaluateSequential(ForEachOps.java:150)&#13;
                at java.base/java.util.stream.ForEachOps$ForEachOp$OfRef.evaluateSequential(ForEachOps.java:173)&#13;
                at java.base/java.util.stream.AbstractPipeline.evaluate(AbstractPipeline.java:234)&#13;
                at java.base/java.util.stream.ReferencePipeline.forEach(ReferencePipeline.java:497)&#13;
                at org.junit.vintage.engine.VintageTestEngine.executeAllChildren(VintageTestEngine.java:82)&#13;
                at org.junit.vintage.engine.VintageTestEngine.execute(VintageTestEngine.java:73)&#13;
                at
                org.junit.platform.launcher.core.EngineExecutionOrchestrator.execute(EngineExecutionOrchestrator.java:108)&#13;
                at
                org.junit.platform.launcher.core.EngineExecutionOrchestrator.execute(EngineExecutionOrchestrator.java:88)&#13;
                at
                org.junit.platform.launcher.core.EngineExecutionOrchestrator.lambda$execute$0(EngineExecutionOrchestrator.java:54)&#13;
                at
                org.junit.platform.launcher.core.EngineExecutionOrchestrator.withInterceptedStreams(EngineExecutionOrchestrator.java:67)&#13;
                at
                org.junit.platform.launcher.core.EngineExecutionOrchestrator.execute(EngineExecutionOrchestrator.java:52)&#13;
                at org.junit.platform.launcher.core.DefaultLauncher.execute(DefaultLauncher.java:96)&#13;
                at org.junit.platform.launcher.core.DefaultLauncher.execute(DefaultLauncher.java:75)&#13;
                at com.intellij.junit5.JUnit5IdeaTestRunner.startRunnerWithArgs(JUnit5IdeaTestRunner.java:71)&#13;
                at com.intellij.rt.junit.IdeaTestRunner$Repeater.startRunnerWithArgs(IdeaTestRunner.java:33)&#13;
                at com.intellij.rt.junit.JUnitStarter.prepareStreamsAndStart(JUnitStarter.java:221)&#13;
                at com.intellij.rt.junit.JUnitStarter.main(JUnitStarter.java:54)&#13;
            </output>
        </test>
    </suite>
    <suite duration="3030" locationUrl="java:suite://JUnit.MantisBT.ReadAdminInfo1Test" name="ReadAdminInfo1Test" status="error">
        <test duration="3030" locationUrl="java:test://JUnit.MantisBT.ReadAdminInfo1Test/readAdministratorInfo1" name="readAdministratorInfo1" metainfo="" status="error">
            <output type="stderr">Starting ChromeDriver 114.0.5735.90
                (386bc09e8f4f2e025eddae123f36f6263096ae49-refs/branch-heads/5735@{#1052}) on port 13746
                Only local connections are allowed.
                Please see https://chromedriver.chromium.org/security-considerations for suggestions on keeping
                ChromeDriver safe.
                ChromeDriver was started successfully.
                lug 05, 2023 1:29:22 PM org.openqa.selenium.remote.ProtocolHandshake createSession
                INFO: Detected dialect: W3C
                org.openqa.selenium.NoSuchElementException: no such element: Unable to locate element: {&amp;quot;method&amp;quot;:&amp;quot;css
                selector&amp;quot;,&amp;quot;selector&amp;quot;:&amp;quot;.padding-8&amp;quot;}
                (Session info: chrome=114.0.5735.199)
                For documentation on this error, please visit:
                https://www.seleniumhq.org/exceptions/no_such_element.html
                Build info: version: &amp;#39;3.141.59&amp;#39;, revision: &amp;#39;e82be7d358&amp;#39;, time: &amp;#39;2018-11-14T08:17:03&amp;#39;
                System info: host: &amp;#39;DESKTOP-42AP7HA&amp;#39;, ip: &amp;#39;172.22.128.1&amp;#39;, os.name: &amp;#39;Windows
                10&amp;#39;, os.arch: &amp;#39;amd64&amp;#39;, os.version: &amp;#39;10.0&amp;#39;, java.version: &amp;#39;11.0.12&amp;#39;
                Driver info: org.openqa.selenium.chrome.ChromeDriver
                Capabilities {acceptInsecureCerts: false, browserName: chrome, browserVersion: 114.0.5735.199, chrome:
                {chromedriverVersion: 114.0.5735.90 (386bc09e8f4f..., userDataDir: C:\Users\ivan_\AppData\Loca...},
                goog:chromeOptions: {debuggerAddress: localhost:11085}, javascriptEnabled: true,
                networkConnectionEnabled: false, pageLoadStrategy: normal, platform: WINDOWS, platformName: WINDOWS,
                proxy: Proxy(), setWindowRect: true, strictFileInteractability: false, timeouts: {implicit: 0, pageLoad:
                300000, script: 30000}, unhandledPromptBehavior: dismiss and notify, webauthn:extension:credBlob: true,
                webauthn:extension:largeBlob: true, webauthn:extension:minPinLength: true, webauthn:extension:prf: true,
                webauthn:virtualAuthenticators: true}
                Session ID: 837e476b0c270a264bc84db3d94853ae
                *** Selector info: {Using=css selector, value=.padding-8}&#13;
                at java.base/jdk.internal.reflect.NativeConstructorAccessorImpl.newInstance0(Native Method)&#13;
                at
                java.base/jdk.internal.reflect.NativeConstructorAccessorImpl.newInstance(NativeConstructorAccessorImpl.java:62)&#13;
                at
                java.base/jdk.internal.reflect.DelegatingConstructorAccessorImpl.newInstance(DelegatingConstructorAccessorImpl.java:45)&#13;
                at java.base/java.lang.reflect.Constructor.newInstance(Constructor.java:490)&#13;
                at org.openqa.selenium.remote.http.W3CHttpResponseCodec.createException(W3CHttpResponseCodec.java:187)&#13;
                at org.openqa.selenium.remote.http.W3CHttpResponseCodec.decode(W3CHttpResponseCodec.java:122)&#13;
                at org.openqa.selenium.remote.http.W3CHttpResponseCodec.decode(W3CHttpResponseCodec.java:49)&#13;
                at org.openqa.selenium.remote.HttpCommandExecutor.execute(HttpCommandExecutor.java:158)&#13;
                at org.openqa.selenium.remote.service.DriverCommandExecutor.execute(DriverCommandExecutor.java:83)&#13;
                at org.openqa.selenium.remote.RemoteWebDriver.execute(RemoteWebDriver.java:552)&#13;
                at org.openqa.selenium.remote.RemoteWebDriver.findElement(RemoteWebDriver.java:323)&#13;
                at org.openqa.selenium.remote.RemoteWebDriver.findElementByCssSelector(RemoteWebDriver.java:420)&#13;
                at org.openqa.selenium.By$ByCssSelector.findElement(By.java:431)&#13;
                at org.openqa.selenium.remote.RemoteWebDriver.findElement(RemoteWebDriver.java:315)&#13;
                at JUnit.MantisBT.ReadAdminInfo1Test.readAdministratorInfo1(ReadAdminInfo1Test.java:50)&#13;
                at java.base/jdk.internal.reflect.NativeMethodAccessorImpl.invoke0(Native Method)&#13;
                at java.base/jdk.internal.reflect.NativeMethodAccessorImpl.invoke(NativeMethodAccessorImpl.java:62)&#13;
                at
                java.base/jdk.internal.reflect.DelegatingMethodAccessorImpl.invoke(DelegatingMethodAccessorImpl.java:43)&#13;
                at java.base/java.lang.reflect.Method.invoke(Method.java:566)&#13;
                at org.junit.runners.model.FrameworkMethod$1.runReflectiveCall(FrameworkMethod.java:59)&#13;
                at org.junit.internal.runners.model.ReflectiveCallable.run(ReflectiveCallable.java:12)&#13;
                at org.junit.runners.model.FrameworkMethod.invokeExplosively(FrameworkMethod.java:56)&#13;
                at org.junit.internal.runners.statements.InvokeMethod.evaluate(InvokeMethod.java:17)&#13;
                at org.junit.internal.runners.statements.RunBefores.evaluate(RunBefores.java:26)&#13;
                at org.junit.internal.runners.statements.RunAfters.evaluate(RunAfters.java:27)&#13;
                at org.junit.runners.ParentRunner$3.evaluate(ParentRunner.java:306)&#13;
                at org.junit.runners.BlockJUnit4ClassRunner$1.evaluate(BlockJUnit4ClassRunner.java:100)&#13;
                at org.junit.runners.ParentRunner.runLeaf(ParentRunner.java:366)&#13;
                at org.junit.runners.BlockJUnit4ClassRunner.runChild(BlockJUnit4ClassRunner.java:103)&#13;
                at org.junit.runners.BlockJUnit4ClassRunner.runChild(BlockJUnit4ClassRunner.java:63)&#13;
                at org.junit.runners.ParentRunner$4.run(ParentRunner.java:331)&#13;
                at org.junit.runners.ParentRunner$1.schedule(ParentRunner.java:79)&#13;
                at org.junit.runners.ParentRunner.runChildren(ParentRunner.java:329)&#13;
                at org.junit.runners.ParentRunner.access$100(ParentRunner.java:66)&#13;
                at org.junit.runners.ParentRunner$2.evaluate(ParentRunner.java:293)&#13;
                at org.junit.runners.ParentRunner$3.evaluate(ParentRunner.java:306)&#13;
                at org.junit.runners.ParentRunner.run(ParentRunner.java:413)&#13;
                at org.junit.runner.JUnitCore.run(JUnitCore.java:137)&#13;
                at org.junit.runner.JUnitCore.run(JUnitCore.java:115)&#13;
                at org.junit.vintage.engine.execution.RunnerExecutor.execute(RunnerExecutor.java:43)&#13;
                at java.base/java.util.stream.ForEachOps$ForEachOp$OfRef.accept(ForEachOps.java:183)&#13;
                at java.base/java.util.stream.ReferencePipeline$3$1.accept(ReferencePipeline.java:195)&#13;
                at java.base/java.util.Iterator.forEachRemaining(Iterator.java:133)&#13;
                at java.base/java.util.Spliterators$IteratorSpliterator.forEachRemaining(Spliterators.java:1801)&#13;
                at java.base/java.util.stream.AbstractPipeline.copyInto(AbstractPipeline.java:484)&#13;
                at java.base/java.util.stream.AbstractPipeline.wrapAndCopyInto(AbstractPipeline.java:474)&#13;
                at java.base/java.util.stream.ForEachOps$ForEachOp.evaluateSequential(ForEachOps.java:150)&#13;
                at java.base/java.util.stream.ForEachOps$ForEachOp$OfRef.evaluateSequential(ForEachOps.java:173)&#13;
                at java.base/java.util.stream.AbstractPipeline.evaluate(AbstractPipeline.java:234)&#13;
                at java.base/java.util.stream.ReferencePipeline.forEach(ReferencePipeline.java:497)&#13;
                at org.junit.vintage.engine.VintageTestEngine.executeAllChildren(VintageTestEngine.java:82)&#13;
                at org.junit.vintage.engine.VintageTestEngine.execute(VintageTestEngine.java:73)&#13;
                at
                org.junit.platform.launcher.core.EngineExecutionOrchestrator.execute(EngineExecutionOrchestrator.java:108)&#13;
                at
                org.junit.platform.launcher.core.EngineExecutionOrchestrator.execute(EngineExecutionOrchestrator.java:88)&#13;
                at
                org.junit.platform.launcher.core.EngineExecutionOrchestrator.lambda$execute$0(EngineExecutionOrchestrator.java:54)&#13;
                at
                org.junit.platform.launcher.core.EngineExecutionOrchestrator.withInterceptedStreams(EngineExecutionOrchestrator.java:67)&#13;
                at
                org.junit.platform.launcher.core.EngineExecutionOrchestrator.execute(EngineExecutionOrchestrator.java:52)&#13;
                at org.junit.platform.launcher.core.DefaultLauncher.execute(DefaultLauncher.java:96)&#13;
                at org.junit.platform.launcher.core.DefaultLauncher.execute(DefaultLauncher.java:75)&#13;
                at com.intellij.junit5.JUnit5IdeaTestRunner.startRunnerWithArgs(JUnit5IdeaTestRunner.java:71)&#13;
                at com.intellij.rt.junit.IdeaTestRunner$Repeater.startRunnerWithArgs(IdeaTestRunner.java:33)&#13;
                at com.intellij.rt.junit.JUnitStarter.prepareStreamsAndStart(JUnitStarter.java:221)&#13;
                at com.intellij.rt.junit.JUnitStarter.main(JUnitStarter.java:54)&#13;
            </output>
        </test>
    </suite>
    <suite duration="4147" locationUrl="java:suite://JUnit.MantisBT.UpdateUserInfo1Test" name="UpdateUserInfo1Test" status="failed">
        <test duration="4147" locationUrl="java:test://JUnit.MantisBT.UpdateUserInfo1Test/updateUserInfo1" name="updateUserInfo1" metainfo="" status="failed">
            <diff actual="noctino.misterioso@gmail.com" expected="Ivan Capasso"/>
            <output type="stderr">Starting ChromeDriver 114.0.5735.90
                (386bc09e8f4f2e025eddae123f36f6263096ae49-refs/branch-heads/5735@{#1052}) on port 5438
                Only local connections are allowed.
                Please see https://chromedriver.chromium.org/security-considerations for suggestions on keeping
                ChromeDriver safe.
                ChromeDriver was started successfully.
                lug 05, 2023 1:29:25 PM org.openqa.selenium.remote.ProtocolHandshake createSession
                INFO: Detected dialect: W3C
                java.lang.AssertionError:
                Expected: is &amp;quot;Ivan Capasso&amp;quot;
                but: was &amp;quot;noctino.misterioso@gmail.com&amp;quot;&#13;
                at org.hamcrest.MatcherAssert.assertThat(MatcherAssert.java:20)&#13;
                at org.junit.Assert.assertThat(Assert.java:964)&#13;
                at org.junit.Assert.assertThat(Assert.java:930)&#13;
                at JUnit.MantisBT.UpdateUserInfo1Test.updateUserInfo1(UpdateUserInfo1Test.java:52)&#13;
                at java.base/jdk.internal.reflect.NativeMethodAccessorImpl.invoke0(Native Method)&#13;
                at java.base/jdk.internal.reflect.NativeMethodAccessorImpl.invoke(NativeMethodAccessorImpl.java:62)&#13;
                at
                java.base/jdk.internal.reflect.DelegatingMethodAccessorImpl.invoke(DelegatingMethodAccessorImpl.java:43)&#13;
                at java.base/java.lang.reflect.Method.invoke(Method.java:566)&#13;
                at org.junit.runners.model.FrameworkMethod$1.runReflectiveCall(FrameworkMethod.java:59)&#13;
                at org.junit.internal.runners.model.ReflectiveCallable.run(ReflectiveCallable.java:12)&#13;
                at org.junit.runners.model.FrameworkMethod.invokeExplosively(FrameworkMethod.java:56)&#13;
                at org.junit.internal.runners.statements.InvokeMethod.evaluate(InvokeMethod.java:17)&#13;
                at org.junit.internal.runners.statements.RunBefores.evaluate(RunBefores.java:26)&#13;
                at org.junit.internal.runners.statements.RunAfters.evaluate(RunAfters.java:27)&#13;
                at org.junit.runners.ParentRunner$3.evaluate(ParentRunner.java:306)&#13;
                at org.junit.runners.BlockJUnit4ClassRunner$1.evaluate(BlockJUnit4ClassRunner.java:100)&#13;
                at org.junit.runners.ParentRunner.runLeaf(ParentRunner.java:366)&#13;
                at org.junit.runners.BlockJUnit4ClassRunner.runChild(BlockJUnit4ClassRunner.java:103)&#13;
                at org.junit.runners.BlockJUnit4ClassRunner.runChild(BlockJUnit4ClassRunner.java:63)&#13;
                at org.junit.runners.ParentRunner$4.run(ParentRunner.java:331)&#13;
                at org.junit.runners.ParentRunner$1.schedule(ParentRunner.java:79)&#13;
                at org.junit.runners.ParentRunner.runChildren(ParentRunner.java:329)&#13;
                at org.junit.runners.ParentRunner.access$100(ParentRunner.java:66)&#13;
                at org.junit.runners.ParentRunner$2.evaluate(ParentRunner.java:293)&#13;
                at org.junit.runners.ParentRunner$3.evaluate(ParentRunner.java:306)&#13;
                at org.junit.runners.ParentRunner.run(ParentRunner.java:413)&#13;
                at org.junit.runner.JUnitCore.run(JUnitCore.java:137)&#13;
                at org.junit.runner.JUnitCore.run(JUnitCore.java:115)&#13;
                at org.junit.vintage.engine.execution.RunnerExecutor.execute(RunnerExecutor.java:43)&#13;
                at java.base/java.util.stream.ForEachOps$ForEachOp$OfRef.accept(ForEachOps.java:183)&#13;
                at java.base/java.util.stream.ReferencePipeline$3$1.accept(ReferencePipeline.java:195)&#13;
                at java.base/java.util.Iterator.forEachRemaining(Iterator.java:133)&#13;
                at java.base/java.util.Spliterators$IteratorSpliterator.forEachRemaining(Spliterators.java:1801)&#13;
                at java.base/java.util.stream.AbstractPipeline.copyInto(AbstractPipeline.java:484)&#13;
                at java.base/java.util.stream.AbstractPipeline.wrapAndCopyInto(AbstractPipeline.java:474)&#13;
                at java.base/java.util.stream.ForEachOps$ForEachOp.evaluateSequential(ForEachOps.java:150)&#13;
                at java.base/java.util.stream.ForEachOps$ForEachOp$OfRef.evaluateSequential(ForEachOps.java:173)&#13;
                at java.base/java.util.stream.AbstractPipeline.evaluate(AbstractPipeline.java:234)&#13;
                at java.base/java.util.stream.ReferencePipeline.forEach(ReferencePipeline.java:497)&#13;
                at org.junit.vintage.engine.VintageTestEngine.executeAllChildren(VintageTestEngine.java:82)&#13;
                at org.junit.vintage.engine.VintageTestEngine.execute(VintageTestEngine.java:73)&#13;
                at
                org.junit.platform.launcher.core.EngineExecutionOrchestrator.execute(EngineExecutionOrchestrator.java:108)&#13;
                at
                org.junit.platform.launcher.core.EngineExecutionOrchestrator.execute(EngineExecutionOrchestrator.java:88)&#13;
                at
                org.junit.platform.launcher.core.EngineExecutionOrchestrator.lambda$execute$0(EngineExecutionOrchestrator.java:54)&#13;
                at
                org.junit.platform.launcher.core.EngineExecutionOrchestrator.withInterceptedStreams(EngineExecutionOrchestrator.java:67)&#13;
                at
                org.junit.platform.launcher.core.EngineExecutionOrchestrator.execute(EngineExecutionOrchestrator.java:52)&#13;
                at org.junit.platform.launcher.core.DefaultLauncher.execute(DefaultLauncher.java:96)&#13;
                at org.junit.platform.launcher.core.DefaultLauncher.execute(DefaultLauncher.java:75)&#13;
                at com.intellij.junit5.JUnit5IdeaTestRunner.startRunnerWithArgs(JUnit5IdeaTestRunner.java:71)&#13;
                at com.intellij.rt.junit.IdeaTestRunner$Repeater.startRunnerWithArgs(IdeaTestRunner.java:33)&#13;
                at com.intellij.rt.junit.JUnitStarter.prepareStreamsAndStart(JUnitStarter.java:221)&#13;
                at com.intellij.rt.junit.JUnitStarter.main(JUnitStarter.java:54)&#13;
            </output>
        </test>
    </suite>
    <suite duration="6356" locationUrl="java:suite://JUnit.MantisBT.UpdateWorkflow1Test" name="UpdateWorkflow1Test" status="passed">
        <test duration="6356" locationUrl="java:test://JUnit.MantisBT.UpdateWorkflow1Test/updateWorkflow1" name="updateWorkflow1" metainfo="" status="passed">
            <output type="stderr">Starting ChromeDriver 114.0.5735.90 (386bc09e8f4f2e025eddae123f36f6263096ae49-refs/branch-heads/5735@{#1052}) on port 9846
Only local connections are allowed.
Please see https://chromedriver.chromium.org/security-considerations for suggestions on keeping ChromeDriver safe.
ChromeDriver was started successfully.
lug 05, 2023 1:29:29 PM org.openqa.selenium.remote.ProtocolHandshake createSession
INFO: Detected dialect: W3C
</output>
        </test>
    </suite>
    <suite duration="5949" locationUrl="java:suite://JUnit.MantisBT.zDeleteNote1Test" name="DeleteNote1Test" status="passed">
        <test duration="5949" locationUrl="java:test://JUnit.MantisBT.DeleteNote1Test/deleteNote1" name="deleteNote1" metainfo="" status="passed">
            <output type="stderr">Starting ChromeDriver 114.0.5735.90 (386bc09e8f4f2e025eddae123f36f6263096ae49-refs/branch-heads/5735@{#1052}) on port 11408
Only local connections are allowed.
Please see https://chromedriver.chromium.org/security-considerations for suggestions on keeping ChromeDriver safe.
ChromeDriver was started successfully.
lug 05, 2023 1:29:35 PM org.openqa.selenium.remote.ProtocolHandshake createSession
INFO: Detected dialect: W3C
</output>
        </test>
    </suite>
    <suite duration="6424" locationUrl="java:suite://JUnit.MantisBT.zDeleteUser1Test" name="DeleteUser1Test" status="passed">
        <test duration="6424" locationUrl="java:test://JUnit.MantisBT.DeleteUser1Test/deleteUser1" name="deleteUser1" metainfo="" status="passed">
            <output type="stderr">Starting ChromeDriver 114.0.5735.90 (386bc09e8f4f2e025eddae123f36f6263096ae49-refs/branch-heads/5735@{#1052}) on port 25644
Only local connections are allowed.
Please see https://chromedriver.chromium.org/security-considerations for suggestions on keeping ChromeDriver safe.
ChromeDriver was started successfully.
lug 05, 2023 1:29:41 PM org.openqa.selenium.remote.ProtocolHandshake createSession
INFO: Detected dialect: W3C
</output>
        </test>
    </suite>
    <suite duration="4029" locationUrl="java:suite://JUnit.MantisBT.zDeleteReport1Test" name="DeleteReport1Test" status="passed">
        <test duration="4029" locationUrl="java:test://JUnit.MantisBT.DeleteReport1Test/deleteReport1" name="deleteReport1" metainfo="" status="passed">
            <output type="stderr">Starting ChromeDriver 114.0.5735.90 (386bc09e8f4f2e025eddae123f36f6263096ae49-refs/branch-heads/5735@{#1052}) on port 35846
Only local connections are allowed.
Please see https://chromedriver.chromium.org/security-considerations for suggestions on keeping ChromeDriver safe.
ChromeDriver was started successfully.
lug 05, 2023 1:29:47 PM org.openqa.selenium.remote.ProtocolHandshake createSession
INFO: Detected dialect: W3C
</output>
        </test>
    </suite>
    <suite duration="7006" locationUrl="java:suite://JUnit.MantisBT.zDeleteProject1Test" name="DeleteProject1Test" status="passed">
        <test duration="7006" locationUrl="java:test://JUnit.MantisBT.DeleteProject1Test/deleteProject1" name="deleteProject1" metainfo="" status="passed">
            <output type="stderr">Starting ChromeDriver 114.0.5735.90 (386bc09e8f4f2e025eddae123f36f6263096ae49-refs/branch-heads/5735@{#1052}) on port 2919
Only local connections are allowed.
Please see https://chromedriver.chromium.org/security-considerations for suggestions on keeping ChromeDriver safe.
ChromeDriver was started successfully.
lug 05, 2023 1:29:51 PM org.openqa.selenium.remote.ProtocolHandshake createSession
INFO: Detected dialect: W3C
</output>
        </test>
    </suite>
</testrun>
